This is LuaHBTeX, Version 1.17.0 (MiKTeX 23.10) (format=lualatex 2023.10.12)  16 JAN 2025 14:22
 restricted system commands enabled.
**CV_latex.tex
(./CV_latex.tex
LaTeX2e <2023-06-01> patch level 1
L3 programming layer <2023-10-10>
Lua module: luaotfload 2023-08-31 3.26 Lua based OpenType font support
Lua module: lualibs 2023-07-13 2.76 ConTeXt Lua standard libraries.
Lua module: lualibs-extended 2023-07-13 2.76 ConTeXt Lua libraries -- extended c
ollection.
luaotfload | conf : Root cache directory is "C:/Users/R&D M.Mamdouh/AppData/Loca
l/MiKTeX/luatex-cache/generic/names".
luaotfload | init : Loading fontloader "fontloader-2023-08-19.lua" from kpse-res
olved path "C:/Program Files/MiKTeX/tex/luatex/luaotfload/fontloader-2023-08-19.
lua".
Lua-only attribute luaotfload@noligature = 1
luaotfload | init : Context OpenType loader version 3.133
Inserting `luaotfload.node_processor' in `pre_linebreak_filter'.
Inserting `luaotfload.node_processor' in `hpack_filter'.
Inserting `luaotfload.glyph_stream' in `glyph_stream_provider'.
Inserting `luaotfload.define_font' in `define_font'.
Lua-only attribute luaotfload_color_attribute = 2
luaotfload | conf : Root cache directory is "C:/Users/R&D M.Mamdouh/AppData/Loca
l/MiKTeX/luatex-cache/generic/names".
Inserting `luaotfload.harf.strip_prefix' in `find_opentype_file'.
Inserting `luaotfload.harf.strip_prefix' in `find_truetype_file'.
Removing  `luaotfload.glyph_stream' from `glyph_stream_provider'.
Inserting `luaotfload.harf.glyphstream' in `glyph_stream_provider'.
Inserting `luaotfload.harf.finalize_vlist' in `post_linebreak_filter'.
Inserting `luaotfload.harf.finalize_hlist' in `hpack_filter'.
Inserting `luaotfload.cleanup_files' in `wrapup_run'.
Inserting `luaotfload.harf.finalize_unicode' in `finish_pdffile'.
Inserting `luaotfload.glyphinfo' in `glyph_info'.
Lua-only attribute luaotfload.letterspace_done = 3
Inserting `luaotfload.aux.set_sscale_dimens' in `luaotfload.patch_font'.
Inserting `luaotfload.aux.set_font_index' in `luaotfload.patch_font'.
Inserting `luaotfload.aux.patch_cambria_domh' in `luaotfload.patch_font'.
Inserting `luaotfload.aux.fixup_fontdata' in `luaotfload.patch_font_unsafe'.
Inserting `luaotfload.aux.set_capheight' in `luaotfload.patch_font'.
Inserting `luaotfload.aux.set_xheight' in `luaotfload.patch_font'.
Inserting `luaotfload.rewrite_fontname' in `luaotfload.patch_font'.
Inserting `tracingstacklevels' in `input_level_string'.
("C:/Users/R&D M.Mamdouh/AppData/Roaming/MiKTeX/tex/latex/extsizes/extarticle.c
ls"
Document Class: extarticle 1996/10/08 v1.0 Non Standard LaTeX document class
("C:/Program Files/MiKTeX/tex/latex/base/size10.clo"
File: size10.clo 2023/05/17 v1.4n Standard LaTeX file (size option)
luaotfload | db : Font names database loaded from C:/Users/R&D M.Mamdouh/AppData
/Local/MiKTeX/luatex-cache/generic/names/luaotfload-names.luc.gz)
("C:/Program Files/MiKTeX/tex/latex/base/exscale.sty"
Package: exscale 2018/09/24 v2.1i Standard LaTeX package exscale
LaTeX Font Info:    Redeclaring symbol font `largesymbols' on input line 57.
LaTeX Font Info:    Overwriting symbol font `largesymbols' in version `normal'
(Font)                  OMX/cmex/m/n --> OMX/cmex/m/n on input line 57.
LaTeX Font Info:    Overwriting symbol font `largesymbols' in version `bold'
(Font)                  OMX/cmex/m/n --> OMX/cmex/m/n on input line 57.
\big@size=\dimen139
)
\c@part=\count183
\c@section=\count184
\c@subsection=\count185
\c@subsubsection=\count186
\c@paragraph=\count187
\c@subparagraph=\count188
\c@figure=\count189
\c@table=\count190
\abovecaptionskip=\skip48
\belowcaptionskip=\skip49
\bibindent=\dimen140
) (./packages.tex
("C:/Users/R&D M.Mamdouh/AppData/Roaming/MiKTeX/tex/latex/geometry/geometry.sty
"
Package: geometry 2020/01/02 v5.9 Page Geometry
 ("C:/Program Files/MiKTeX/tex/latex/graphics/keyval.sty"
Package: keyval 2022/05/29 v1.15 key=value parser (DPC)
\KV@toks@=\toks17
)
("C:/Program Files/MiKTeX/tex/generic/iftex/ifvtex.sty"
Package: ifvtex 2019/10/25 v1.7 ifvtex legacy package. Use iftex instead.

("C:/Program Files/MiKTeX/tex/generic/iftex/iftex.sty"
Package: iftex 2022/02/03 v1.0f TeX engine tests
))
\Gm@cnth=\count191
\Gm@cntv=\count192
\c@Gm@tempcnt=\count193
\Gm@bindingoffset=\dimen141
\Gm@wd@mp=\dimen142
\Gm@odd@mp=\dimen143
\Gm@even@mp=\dimen144
\Gm@layoutwidth=\dimen145
\Gm@layoutheight=\dimen146
\Gm@layouthoffset=\dimen147
\Gm@layoutvoffset=\dimen148
\Gm@dimlist=\toks18

("C:/Users/R&D M.Mamdouh/AppData/Roaming/MiKTeX/tex/latex/geometry/geometry.cfg
")) ("C:/Program Files/MiKTeX/tex/latex/tcolorbox/tcolorbox.sty"
Package: tcolorbox 2023/09/26 version 6.1.0 text color boxes

("C:/Program Files/MiKTeX/tex/latex/pgf/basiclayer/pgf.sty"
("C:/Program Files/MiKTeX/tex/latex/pgf/utilities/pgfrcs.sty"
("C:/Program Files/MiKTeX/tex/generic/pgf/utilities/pgfutil-common.tex"
\pgfutil@everybye=\toks19
\pgfutil@tempdima=\dimen149
\pgfutil@tempdimb=\dimen150
)
("C:/Program Files/MiKTeX/tex/generic/pgf/utilities/pgfutil-latex.def"
\pgfutil@abb=\box51
)
("C:/Program Files/MiKTeX/tex/generic/pgf/utilities/pgfrcs.code.tex"
("C:/Program Files/MiKTeX/tex/generic/pgf/pgf.revision.tex")
Package: pgfrcs 2023-01-15 v3.1.10 (3.1.10)
))
Package: pgf 2023-01-15 v3.1.10 (3.1.10)

("C:/Program Files/MiKTeX/tex/latex/pgf/basiclayer/pgfcore.sty"
("C:/Program Files/MiKTeX/tex/latex/graphics/graphicx.sty"
Package: graphicx 2021/09/16 v1.2d Enhanced LaTeX Graphics (DPC,SPQR)

("C:/Program Files/MiKTeX/tex/latex/graphics/graphics.sty"
Package: graphics 2022/03/10 v1.4e Standard LaTeX Graphics (DPC,SPQR)

("C:/Program Files/MiKTeX/tex/latex/graphics/trig.sty"
Package: trig 2021/08/11 v1.11 sin cos tan (DPC)
)
("C:/Program Files/MiKTeX/tex/latex/graphics-cfg/graphics.cfg"
File: graphics.cfg 2016/06/04 v1.11 sample graphics configuration
)
Package graphics Info: Driver file: luatex.def on input line 107.

("C:/Program Files/MiKTeX/tex/latex/graphics-def/luatex.def"
File: luatex.def 2022/09/22 v1.2d Graphics/color driver for luatex
))
\Gin@req@height=\dimen151
\Gin@req@width=\dimen152
)
("C:/Program Files/MiKTeX/tex/latex/pgf/systemlayer/pgfsys.sty"
("C:/Program Files/MiKTeX/tex/generic/pgf/systemlayer/pgfsys.code.tex"
Package: pgfsys 2023-01-15 v3.1.10 (3.1.10)

("C:/Program Files/MiKTeX/tex/generic/pgf/utilities/pgfkeys.code.tex"
\pgfkeys@pathtoks=\toks20
\pgfkeys@temptoks=\toks21

("C:/Program Files/MiKTeX/tex/generic/pgf/utilities/pgfkeyslibraryfiltered.code
.tex"
\pgfkeys@tmptoks=\toks22
))
\pgf@x=\dimen153
\pgf@y=\dimen154
\pgf@xa=\dimen155
\pgf@ya=\dimen156
\pgf@xb=\dimen157
\pgf@yb=\dimen158
\pgf@xc=\dimen159
\pgf@yc=\dimen160
\pgf@xd=\dimen161
\pgf@yd=\dimen162
\w@pgf@writea=\write3
\r@pgf@reada=\read2
\c@pgf@counta=\count194
\c@pgf@countb=\count195
\c@pgf@countc=\count196
\c@pgf@countd=\count197
\t@pgf@toka=\toks23
\t@pgf@tokb=\toks24
\t@pgf@tokc=\toks25
\pgf@sys@id@count=\count198
 ("C:/Program Files/MiKTeX/tex/generic/pgf/systemlayer/pgf.cfg"
File: pgf.cfg 2023-01-15 v3.1.10 (3.1.10)
)
Driver file for pgf: pgfsys-luatex.def

("C:/Program Files/MiKTeX/tex/generic/pgf/systemlayer/pgfsys-luatex.def"
File: pgfsys-luatex.def 2023-01-15 v3.1.10 (3.1.10)

("C:/Program Files/MiKTeX/tex/generic/pgf/systemlayer/pgfsys-common-pdf.def"
File: pgfsys-common-pdf.def 2023-01-15 v3.1.10 (3.1.10)
))) ("C:/Program Files/MiKTeX/tex/generic/pgf/systemlayer/pgfsyssoftpath.code.t
ex"
File: pgfsyssoftpath.code.tex 2023-01-15 v3.1.10 (3.1.10)
\pgfsyssoftpath@smallbuffer@items=\count199
\pgfsyssoftpath@bigbuffer@items=\count266
) ("C:/Program Files/MiKTeX/tex/generic/pgf/systemlayer/pgfsysprotocol.code.tex
"
File: pgfsysprotocol.code.tex 2023-01-15 v3.1.10 (3.1.10)
)) ("C:/Program Files/MiKTeX/tex/latex/xcolor/xcolor.sty"
Package: xcolor 2022/06/12 v2.14 LaTeX color extensions (UK)

("C:/Program Files/MiKTeX/tex/latex/graphics-cfg/color.cfg"
File: color.cfg 2016/01/02 v1.6 sample color configuration
)
Package xcolor Info: Driver file: luatex.def on input line 227.

("C:/Program Files/MiKTeX/tex/latex/graphics/mathcolor.ltx")
Package xcolor Info: Model `cmy' substituted by `cmy0' on input line 1353.
Package xcolor Info: Model `hsb' substituted by `rgb' on input line 1357.
Package xcolor Info: Model `RGB' extended on input line 1369.
Package xcolor Info: Model `HTML' substituted by `rgb' on input line 1371.
Package xcolor Info: Model `Hsb' substituted by `hsb' on input line 1372.
Package xcolor Info: Model `tHsb' substituted by `hsb' on input line 1373.
Package xcolor Info: Model `HSB' substituted by `hsb' on input line 1374.
Package xcolor Info: Model `Gray' substituted by `gray' on input line 1375.
Package xcolor Info: Model `wave' substituted by `hsb' on input line 1376.
)
("C:/Program Files/MiKTeX/tex/generic/pgf/basiclayer/pgfcore.code.tex"
Package: pgfcore 2023-01-15 v3.1.10 (3.1.10)

("C:/Program Files/MiKTeX/tex/generic/pgf/math/pgfmath.code.tex"
("C:/Program Files/MiKTeX/tex/generic/pgf/math/pgfmathutil.code.tex")
("C:/Program Files/MiKTeX/tex/generic/pgf/math/pgfmathparser.code.tex"
\pgfmath@dimen=\dimen163
\pgfmath@count=\count267
\pgfmath@box=\box52
\pgfmath@toks=\toks26
\pgfmath@stack@operand=\toks27
\pgfmath@stack@operation=\toks28
)
("C:/Program Files/MiKTeX/tex/generic/pgf/math/pgfmathfunctions.code.tex")
("C:/Program Files/MiKTeX/tex/generic/pgf/math/pgfmathfunctions.basic.code.tex"
)
("C:/Program Files/MiKTeX/tex/generic/pgf/math/pgfmathfunctions.trigonometric.c
ode.tex")
("C:/Program Files/MiKTeX/tex/generic/pgf/math/pgfmathfunctions.random.code.tex
")
("C:/Program Files/MiKTeX/tex/generic/pgf/math/pgfmathfunctions.comparison.code
.tex")
("C:/Program Files/MiKTeX/tex/generic/pgf/math/pgfmathfunctions.base.code.tex") ("C:/Program Files/MiKTeX/tex/generic/pgf/math/pgfmathfunctions.round.code.tex") ("C:/Program Files/MiKTeX/tex/generic/pgf/math/pgfmathfunctions.misc.code.tex")
("C:/Program Files/MiKTeX/tex/generic/pgf/math/pgfmathfunctions.integerarithmet
ics.code.tex")
("C:/Program Files/MiKTeX/tex/generic/pgf/math/pgfmathcalc.code.tex")
("C:/Program Files/MiKTeX/tex/generic/pgf/math/pgfmathfloat.code.tex"
\c@pgfmathroundto@lastzeros=\count268
))
("C:/Program Files/MiKTeX/tex/generic/pgf/math/pgfint.code.tex")
("C:/Program Files/MiKTeX/tex/generic/pgf/basiclayer/pgfcorepoints.code.tex"
File: pgfcorepoints.code.tex 2023-01-15 v3.1.10 (3.1.10)
\pgf@picminx=\dimen164
\pgf@picmaxx=\dimen165
\pgf@picminy=\dimen166
\pgf@picmaxy=\dimen167
\pgf@pathminx=\dimen168
\pgf@pathmaxx=\dimen169
\pgf@pathminy=\dimen170
\pgf@pathmaxy=\dimen171
\pgf@xx=\dimen172
\pgf@xy=\dimen173
\pgf@yx=\dimen174
\pgf@yy=\dimen175
\pgf@zx=\dimen176
\pgf@zy=\dimen177
)
("C:/Program Files/MiKTeX/tex/generic/pgf/basiclayer/pgfcorepathconstruct.code.
tex"
File: pgfcorepathconstruct.code.tex 2023-01-15 v3.1.10 (3.1.10)
\pgf@path@lastx=\dimen178
\pgf@path@lasty=\dimen179
)
("C:/Program Files/MiKTeX/tex/generic/pgf/basiclayer/pgfcorepathusage.code.tex"
File: pgfcorepathusage.code.tex 2023-01-15 v3.1.10 (3.1.10)
\pgf@shorten@end@additional=\dimen180
\pgf@shorten@start@additional=\dimen181
) ("C:/Program Files/MiKTeX/tex/generic/pgf/basiclayer/pgfcorescopes.code.tex"
File: pgfcorescopes.code.tex 2023-01-15 v3.1.10 (3.1.10)
\pgfpic=\box53
\pgf@hbox=\box54
\pgf@layerbox@main=\box55
\pgf@picture@serial@count=\count269
)
("C:/Program Files/MiKTeX/tex/generic/pgf/basiclayer/pgfcoregraphicstate.code.t
ex"
File: pgfcoregraphicstate.code.tex 2023-01-15 v3.1.10 (3.1.10)
\pgflinewidth=\dimen182
)
("C:/Program Files/MiKTeX/tex/generic/pgf/basiclayer/pgfcoretransformations.cod
e.tex"
File: pgfcoretransformations.code.tex 2023-01-15 v3.1.10 (3.1.10)
\pgf@pt@x=\dimen183
\pgf@pt@y=\dimen184
\pgf@pt@temp=\dimen185
)
("C:/Program Files/MiKTeX/tex/generic/pgf/basiclayer/pgfcorequick.code.tex"
File: pgfcorequick.code.tex 2023-01-15 v3.1.10 (3.1.10)
)
("C:/Program Files/MiKTeX/tex/generic/pgf/basiclayer/pgfcoreobjects.code.tex"
File: pgfcoreobjects.code.tex 2023-01-15 v3.1.10 (3.1.10)
)
("C:/Program Files/MiKTeX/tex/generic/pgf/basiclayer/pgfcorepathprocessing.code
.tex"
File: pgfcorepathprocessing.code.tex 2023-01-15 v3.1.10 (3.1.10)
)
("C:/Program Files/MiKTeX/tex/generic/pgf/basiclayer/pgfcorearrows.code.tex"
File: pgfcorearrows.code.tex 2023-01-15 v3.1.10 (3.1.10)
\pgfarrowsep=\dimen186
)
("C:/Program Files/MiKTeX/tex/generic/pgf/basiclayer/pgfcoreshade.code.tex"
File: pgfcoreshade.code.tex 2023-01-15 v3.1.10 (3.1.10)
\pgf@max=\dimen187
\pgf@sys@shading@range@num=\count270
\pgf@shadingcount=\count271
)
("C:/Program Files/MiKTeX/tex/generic/pgf/basiclayer/pgfcoreimage.code.tex"
File: pgfcoreimage.code.tex 2023-01-15 v3.1.10 (3.1.10)
)
("C:/Program Files/MiKTeX/tex/generic/pgf/basiclayer/pgfcoreexternal.code.tex"
File: pgfcoreexternal.code.tex 2023-01-15 v3.1.10 (3.1.10)
\pgfexternal@startupbox=\box56
) ("C:/Program Files/MiKTeX/tex/generic/pgf/basiclayer/pgfcorelayers.code.tex"
File: pgfcorelayers.code.tex 2023-01-15 v3.1.10 (3.1.10)
)
("C:/Program Files/MiKTeX/tex/generic/pgf/basiclayer/pgfcoretransparency.code.t
ex"
File: pgfcoretransparency.code.tex 2023-01-15 v3.1.10 (3.1.10)
)
("C:/Program Files/MiKTeX/tex/generic/pgf/basiclayer/pgfcorepatterns.code.tex"
File: pgfcorepatterns.code.tex 2023-01-15 v3.1.10 (3.1.10)
) ("C:/Program Files/MiKTeX/tex/generic/pgf/basiclayer/pgfcorerdf.code.tex"
File: pgfcorerdf.code.tex 2023-01-15 v3.1.10 (3.1.10)
)))
("C:/Program Files/MiKTeX/tex/generic/pgf/modules/pgfmoduleshapes.code.tex"
File: pgfmoduleshapes.code.tex 2023-01-15 v3.1.10 (3.1.10)
\pgfnodeparttextbox=\box57
)
("C:/Program Files/MiKTeX/tex/generic/pgf/modules/pgfmoduleplot.code.tex"
File: pgfmoduleplot.code.tex 2023-01-15 v3.1.10 (3.1.10)
)
("C:/Program Files/MiKTeX/tex/latex/pgf/compatibility/pgfcomp-version-0-65.sty"
Package: pgfcomp-version-0-65 2023-01-15 v3.1.10 (3.1.10)
\pgf@nodesepstart=\dimen188
\pgf@nodesepend=\dimen189
) ("C:/Program Files/MiKTeX/tex/latex/pgf/compatibility/pgfcomp-version-1-18.st
y"
Package: pgfcomp-version-1-18 2023-01-15 v3.1.10 (3.1.10)
)) ("C:/Program Files/MiKTeX/tex/latex/tools/verbatim.sty"
Package: verbatim 2022-07-02 v1.5u LaTeX2e package for verbatim enhancements
\every@verbatim=\toks29
\verbatim@line=\toks30
\verbatim@in@stream=\read3
)
("C:/Program Files/MiKTeX/tex/latex/environ/environ.sty"
Package: environ 2014/05/04 v0.3 A new way to define environments

("C:/Program Files/MiKTeX/tex/latex/trimspaces/trimspaces.sty"
Package: trimspaces 2009/09/17 v1.1 Trim spaces around a token list
)
\@envbody=\toks31
)
("C:/Program Files/MiKTeX/tex/latex/etoolbox/etoolbox.sty"
Package: etoolbox 2020/10/05 v2.5k e-TeX tools for LaTeX (JAW)
\etb@tempcnta=\count272
)
\tcb@titlebox=\box58
\tcb@upperbox=\box59
\tcb@lowerbox=\box60
\tcb@phantombox=\box61
\c@tcbbreakpart=\count273
\c@tcblayer=\count274
\c@tcolorbox@number=\count275
\tcb@temp=\box62
\tcb@temp=\box63
\tcb@temp=\box64
\tcb@temp=\box65

("C:/Program Files/MiKTeX/tex/latex/tcolorbox/tcbbreakable.code.tex"
Library (tcolorbox): 'tcbbreakable.code.tex' version '6.1.0'
("C:/Users/R&D M.Mamdouh/AppData/Roaming/MiKTeX/tex/latex/pdfcol/pdfcol.sty"
Package: pdfcol 2022-09-21 v1.7 Handle new color stacks for pdfTeX (HO)

("C:/Users/R&D M.Mamdouh/AppData/Roaming/MiKTeX/tex/generic/ltxcmds/ltxcmds.sty
"
Package: ltxcmds 2020-05-10 v1.25 LaTeX kernel commands for general use (HO)
)
("C:/Users/R&D M.Mamdouh/AppData/Roaming/MiKTeX/tex/generic/infwarerr/infwarerr
.sty"
Package: infwarerr 2019/12/03 v1.5 Providing info/warning/error messages (HO)
))
Package pdfcol Info: New color stack `tcb@breakable' = 1 on input line 23.
\tcb@testbox=\box66
\tcb@totalupperbox=\box67
\tcb@totallowerbox=\box68
 ("C:/Program Files/MiKTeX/tex/generic/iftex/ifluatex.sty"
Package: ifluatex 2019/10/25 v1.5 ifluatex legacy package. Use iftex instead.
))
("C:/Program Files/MiKTeX/tex/latex/tcolorbox/tcbexternal.code.tex"
Library (tcolorbox): 'tcbexternal.code.tex' version '6.1.0'
("C:/Program Files/MiKTeX/tex/latex/tcolorbox/tcbprocessing.code.tex"
Library (tcolorbox): 'tcbprocessing.code.tex' version '6.1.0'
("C:/Program Files/MiKTeX/tex/generic/pdftexcmds/pdftexcmds.sty"
Package: pdftexcmds 2020-06-27 v0.33 Utility functions of pdfTeX for LuaTeX (HO
)
Package pdftexcmds Info: \pdf@primitive is available.
Package pdftexcmds Info: \pdf@ifprimitive is available.
Package pdftexcmds Info: \pdfdraftmode found.
\pdftexcmds@toks=\toks32
)
("C:/Program Files/MiKTeX/tex/latex/tools/shellesc.sty"
Package: shellesc 2023/04/15 v1.0d unified shell escape interface for LaTeX
Package shellesc Info: Restricted shell escape enabled on input line 77.
)))
("C:/Program Files/MiKTeX/tex/latex/tcolorbox/tcbfitting.code.tex"
Library (tcolorbox): 'tcbfitting.code.tex' version '6.1.0'
\tcbfitdim=\dimen190
\tcb@lowerfitdim=\dimen191
\tcb@upperfitdim=\dimen192
\tcb@cur@hbadness=\count276
) ("C:/Program Files/MiKTeX/tex/latex/tcolorbox/tcbhooks.code.tex"
Library (tcolorbox): 'tcbhooks.code.tex' version '6.1.0'
) ("C:/Program Files/MiKTeX/tex/latex/tcolorbox/tcbmagazine.code.tex"
Library (tcolorbox): 'tcbmagazine.code.tex' version '6.1.0'
) ("C:/Program Files/MiKTeX/tex/latex/tcolorbox/tcbposter.code.tex"
Library (tcolorbox): 'tcbposter.code.tex' version '6.1.0'
("C:/Program Files/MiKTeX/tex/latex/tcolorbox/tcbskins.code.tex"
Library (tcolorbox): 'tcbskins.code.tex' version '6.1.0'
("C:/Program Files/MiKTeX/tex/latex/pgf/frontendlayer/tikz.sty"
("C:/Program Files/MiKTeX/tex/latex/pgf/utilities/pgffor.sty"
("C:/Program Files/MiKTeX/tex/latex/pgf/utilities/pgfkeys.sty"
("C:/Program Files/MiKTeX/tex/generic/pgf/utilities/pgfkeys.code.tex"))
("C:/Program Files/MiKTeX/tex/latex/pgf/math/pgfmath.sty"
("C:/Program Files/MiKTeX/tex/generic/pgf/math/pgfmath.code.tex"))
("C:/Program Files/MiKTeX/tex/generic/pgf/utilities/pgffor.code.tex"
Package: pgffor 2023-01-15 v3.1.10 (3.1.10)
\pgffor@iter=\dimen193
\pgffor@skip=\dimen194
\pgffor@stack=\toks33
\pgffor@toks=\toks34
))
("C:/Program Files/MiKTeX/tex/generic/pgf/frontendlayer/tikz/tikz.code.tex"
Package: tikz 2023-01-15 v3.1.10 (3.1.10)

("C:/Program Files/MiKTeX/tex/generic/pgf/libraries/pgflibraryplothandlers.code
.tex"
File: pgflibraryplothandlers.code.tex 2023-01-15 v3.1.10 (3.1.10)
\pgf@plot@mark@count=\count277
\pgfplotmarksize=\dimen195
)
\tikz@lastx=\dimen196
\tikz@lasty=\dimen197
\tikz@lastxsaved=\dimen198
\tikz@lastysaved=\dimen199
\tikz@lastmovetox=\dimen256
\tikz@lastmovetoy=\dimen257
\tikzleveldistance=\dimen258
\tikzsiblingdistance=\dimen259
\tikz@figbox=\box69
\tikz@figbox@bg=\box70
\tikz@tempbox=\box71
\tikz@tempbox@bg=\box72
\tikztreelevel=\count278
\tikznumberofchildren=\count279
\tikznumberofcurrentchild=\count280
\tikz@fig@count=\count281

("C:/Program Files/MiKTeX/tex/generic/pgf/modules/pgfmodulematrix.code.tex"
File: pgfmodulematrix.code.tex 2023-01-15 v3.1.10 (3.1.10)
\pgfmatrixcurrentrow=\count282
\pgfmatrixcurrentcolumn=\count283
\pgf@matrix@numberofcolumns=\count284
)
\tikz@expandcount=\count285

("C:/Program Files/MiKTeX/tex/generic/pgf/frontendlayer/tikz/libraries/tikzlibr
arytopaths.code.tex"
File: tikzlibrarytopaths.code.tex 2023-01-15 v3.1.10 (3.1.10)
)))
("C:/Users/R&D M.Mamdouh/AppData/Roaming/MiKTeX/tex/latex/tikzfill/tikzfill.ima
ge.sty"
Package: tikzfill.image 2023/08/08 v1.0.1 Image filling library for TikZ

("C:/Users/R&D M.Mamdouh/AppData/Roaming/MiKTeX/tex/latex/tikzfill/tikzfill-com
mon.sty"
Package: tikzfill-common 2023/08/08 v1.0.1 Auxiliary code for tikzfill
)
("C:/Users/R&D M.Mamdouh/AppData/Roaming/MiKTeX/tex/latex/tikzfill/tikzlibraryf
ill.image.code.tex"
File: tikzlibraryfill.image.code.tex 2023/08/08 v1.0.1 Image filling library
\l__tikzfill_img_box=\box73
))
("C:/Program Files/MiKTeX/tex/latex/tcolorbox/tcbskinsjigsaw.code.tex"
Library (tcolorbox): 'tcbskinsjigsaw.code.tex' version '6.1.0'
))) ("C:/Program Files/MiKTeX/tex/latex/tcolorbox/tcbraster.code.tex"
Library (tcolorbox): 'tcbraster.code.tex' version '6.1.0'
\c@tcbrastercolumn=\count286
\c@tcbrasterrow=\count287
\c@tcbrasternum=\count288
\c@tcbraster=\count289
) ("C:/Program Files/MiKTeX/tex/latex/tcolorbox/tcbtheorems.code.tex"
Library (tcolorbox): 'tcbtheorems.code.tex' version '6.1.0'
("C:/Program Files/MiKTeX/tex/latex/amsmath/amsmath.sty"
Package: amsmath 2023/05/13 v2.17o AMS math features
\@mathmargin=\skip50

For additional information on amsmath, use the `?' option.
("C:/Program Files/MiKTeX/tex/latex/amsmath/amstext.sty"
Package: amstext 2021/08/26 v2.01 AMS text

("C:/Program Files/MiKTeX/tex/latex/amsmath/amsgen.sty"
File: amsgen.sty 1999/11/30 v2.0 generic functions
\@emptytoks=\toks35
\ex@=\dimen260
))
("C:/Program Files/MiKTeX/tex/latex/amsmath/amsbsy.sty"
Package: amsbsy 1999/11/29 v1.2d Bold Symbols
\pmbraise@=\dimen261
)
("C:/Program Files/MiKTeX/tex/latex/amsmath/amsopn.sty"
Package: amsopn 2022/04/08 v2.04 operator names
)
\inf@bad=\count290
LaTeX Info: Redefining \frac on input line 236.
\uproot@=\count291
\leftroot@=\count292
LaTeX Info: Redefining \overline on input line 399.
LaTeX Info: Redefining \colon on input line 410.
\classnum@=\count293
\DOTSCASE@=\count294
LaTeX Info: Redefining \ldots on input line 496.
LaTeX Info: Redefining \dots on input line 499.
LaTeX Info: Redefining \cdots on input line 620.
\Mathstrutbox@=\box74
\strutbox@=\box75
LaTeX Info: Redefining \big on input line 722.
LaTeX Info: Redefining \Big on input line 723.
LaTeX Info: Redefining \bigg on input line 724.
LaTeX Info: Redefining \Bigg on input line 725.
\big@size=\dimen262
LaTeX Font Info:    Redeclaring font encoding OML on input line 743.
LaTeX Font Info:    Redeclaring font encoding OMS on input line 744.
\macc@depth=\count295
LaTeX Info: Redefining \bmod on input line 905.
LaTeX Info: Redefining \pmod on input line 910.
LaTeX Info: Redefining \smash on input line 940.
LaTeX Info: Redefining \relbar on input line 970.
LaTeX Info: Redefining \Relbar on input line 971.
\c@MaxMatrixCols=\count296
\dotsspace@=\muskip16
\c@parentequation=\count297
\dspbrk@lvl=\count298
\tag@help=\toks36
\row@=\count299
\column@=\count300
\maxfields@=\count301
\andhelp@=\toks37
\eqnshift@=\dimen263
\alignsep@=\dimen264
\tagshift@=\dimen265
\tagwidth@=\dimen266
\totwidth@=\dimen267
\lineht@=\dimen268
\@envbody=\toks38
\multlinegap=\skip51
\multlinetaggap=\skip52
\mathdisplay@stack=\toks39
LaTeX Info: Redefining \[ on input line 2953.
LaTeX Info: Redefining \] on input line 2954.
))
("C:/Program Files/MiKTeX/tex/latex/tcolorbox/tcbvignette.code.tex"
Library (tcolorbox): 'tcbvignette.code.tex' version '6.1.0'

("C:/Program Files/MiKTeX/tex/generic/pgf/frontendlayer/tikz/libraries/tikzlibr
aryfadings.code.tex"
File: tikzlibraryfadings.code.tex 2023-01-15 v3.1.10 (3.1.10)

("C:/Program Files/MiKTeX/tex/generic/pgf/libraries/pgflibraryfadings.code.tex"
File: pgflibraryfadings.code.tex 2023-01-15 v3.1.10 (3.1.10)
))) ("C:/Program Files/MiKTeX/tex/latex/tcolorbox/tcbxparse.code.tex"
Library (tcolorbox): 'tcbxparse.code.tex' version '6.1.0'
("C:/Program Files/MiKTeX/tex/latex/l3packages/xparse/xparse.sty"
("C:/Program Files/MiKTeX/tex/latex/l3kernel/expl3.sty"
Package: expl3 2023-10-10 L3 programming layer (loader) 

("C:/Program Files/MiKTeX/tex/latex/l3backend/l3backend-luatex.def"
File: l3backend-luatex.def 2023-10-10 L3 backend support: PDF output (LuaTeX)
\l__color_backend_stack_int=\count302
Inserting `l3color' in `luaotfload.parse_color'.
\l__pdf_internal_box=\box76
))
Package: xparse 2023-10-10 L3 Experimental document command parser
))
("C:/Program Files/MiKTeX/tex/latex/tcolorbox/tcblistings.code.tex"
Library (tcolorbox): 'tcblistings.code.tex' version '6.1.0'
("C:/Program Files/MiKTeX/tex/latex/listings/listings.sty"
\lst@mode=\count303
\lst@gtempboxa=\box77
\lst@token=\toks40
\lst@length=\count304
\lst@currlwidth=\dimen269
\lst@column=\count305
\lst@pos=\count306
\lst@lostspace=\dimen270
\lst@width=\dimen271
\lst@newlines=\count307
\lst@lineno=\count308
\lst@maxwidth=\dimen272

("C:/Program Files/MiKTeX/tex/latex/listings/lstmisc.sty"
File: lstmisc.sty 2023/02/27 1.9 (Carsten Heinz)
\c@lstnumber=\count309
\lst@skipnumbers=\count310
\lst@framebox=\box78
)
("C:/Program Files/MiKTeX/tex/latex/listings/listings.cfg"
File: listings.cfg 2023/02/27 1.9 listings configuration
))
Package: listings 2023/02/27 1.9 (Carsten Heinz)

("C:/Program Files/MiKTeX/tex/latex/tcolorbox/tcblistingscore.code.tex"
Library (tcolorbox): 'tcblistingscore.code.tex' version '6.1.0'
\c@tcblisting=\count311
))) ("C:/Program Files/MiKTeX/tex/latex/tools/multicol.sty"
Package: multicol 2023/03/30 v1.9f multicolumn formatting (FMi)
\c@tracingmulticols=\count312
\mult@box=\box79
\multicol@leftmargin=\dimen273
\c@unbalance=\count313
\c@collectmore=\count314
\doublecol@number=\count315
\multicoltolerance=\count316
\multicolpretolerance=\count317
\full@width=\dimen274
\page@free=\dimen275
\premulticols=\dimen276
\postmulticols=\dimen277
\multicolsep=\skip53
\multicolbaselineskip=\skip54
\partial@page=\box80
\last@line=\box81
\mc@boxedresult=\box82
\maxbalancingoverflow=\dimen278
\mult@rightbox=\box83
\mult@grightbox=\box84
\mult@firstbox=\box85
\mult@gfirstbox=\box86
\@tempa=\box87
\@tempa=\box88
\@tempa=\box89
\@tempa=\box90
\@tempa=\box91
\@tempa=\box92
\@tempa=\box93
\@tempa=\box94
\@tempa=\box95
\@tempa=\box96
\@tempa=\box97
\@tempa=\box98
\@tempa=\box99
\@tempa=\box100
\@tempa=\box101
\@tempa=\box102
\@tempa=\box103
\@tempa=\box104
\@tempa=\box105
\@tempa=\box106
\@tempa=\box107
\@tempa=\box108
\@tempa=\box109
\@tempa=\box110
\@tempa=\box111
\@tempa=\box112
\@tempa=\box113
\@tempa=\box114
\@tempa=\box115
\@tempa=\box116
\@tempa=\box117
\@tempa=\box118
\@tempa=\box119
\@tempa=\box120
\@tempa=\box121
\@tempa=\box122
\c@minrows=\count318
\c@columnbadness=\count319
\c@finalcolumnbadness=\count320
\last@try=\dimen279
\multicolovershoot=\dimen280
\multicolundershoot=\dimen281
\mult@nat@firstbox=\box123
\colbreak@box=\box124
\mc@col@check@num=\count321
)
("C:/Users/R&D M.Mamdouh/AppData/Roaming/MiKTeX/tex/latex/varwidth/varwidth.sty
"
Package: varwidth 2009/03/30 ver 0.92;  Variable-width minipages
\@vwid@box=\box125
\sift@deathcycles=\count322
\@vwid@loff=\dimen282
\@vwid@roff=\dimen283
)
("C:/Users/R&D M.Mamdouh/AppData/Roaming/MiKTeX/tex/latex/steinmetz/steinmetz.s
ty"
Package: steinmetz 2009/06/14 v1.0 Steinmetz symbol for electrotechnics
 ("C:/Users/R&D M.Mamdouh/AppData/Roaming/MiKTeX/tex/latex/pict2e/pict2e.sty"
Package: pict2e 2020/09/30 v0.4b Improved picture commands (HjG,RN,JT)
 ("C:/Users/R&D M.Mamdouh/AppData/Roaming/MiKTeX/tex/latex/pict2e/pict2e.cfg"
File: pict2e.cfg 2016/02/05 v0.1u pict2e configuration for teTeX/TeXLive
)
Package pict2e Info: Driver file: luatex.def on input line 112.
Package pict2e Info: Driver file for pict2e: p2e-luatex.def on input line 114.
("C:/Users/R&D M.Mamdouh/AppData/Roaming/MiKTeX/tex/latex/pict2e/p2e-luatex.def
"
File: p2e-luatex.def 2016/02/05 v0.1u Driver-dependant file (RN,HjG,JT)
)
\pIIe@GRAPH=\toks41
\@arclen=\dimen284
\@arcrad=\dimen285
\pIIe@tempdima=\dimen286
\pIIe@tempdimb=\dimen287
\pIIe@tempdimc=\dimen288
\pIIe@tempdimd=\dimen289
\pIIe@tempdime=\dimen290
\pIIe@tempdimf=\dimen291
)
\stm@phasebox=\box126
\stm@phasedp=\skip55
\stm@phaseht=\skip56
\stm@phasetot=\skip57
\stm@phasewd=\skip58
)
("C:/Users/R&D M.Mamdouh/AppData/Roaming/MiKTeX/tex/latex/tocbibind/tocbibind.s
ty"
Package: tocbibind 2010/10/13 v1.5k extra ToC listings
Package tocbibind Info: The document has section divisions on input line 50.


Package tocbibind Note: Using section or other style headings.

)
("C:/Users/R&D M.Mamdouh/AppData/Roaming/MiKTeX/tex/latex/cellspace/cellspace.s
ty"
Package: cellspace 2022/01/04 v1.9.0 Spacing table cells (JN)
 ("C:/Program Files/MiKTeX/tex/latex/base/ifthen.sty"
Package: ifthen 2022/04/13 v1.1d Standard LaTeX ifthen package (DPC)
)
("C:/Program Files/MiKTeX/tex/latex/tools/array.sty"
Package: array 2022/09/04 v2.5g Tabular extension package (FMi)
\col@sep=\dimen292
\ar@mcellbox=\box127
\extrarowheight=\dimen293
\NC@list=\toks42
\extratabsurround=\skip59
\backup@length=\skip60
\ar@cellbox=\box128
)
("C:/Program Files/MiKTeX/tex/latex/tools/calc.sty"
Package: calc 2017/05/25 v4.3 Infix arithmetic (KKT,FJ)
\calc@Acount=\count323
\calc@Bcount=\count324
\calc@Adimen=\dimen294
\calc@Bdimen=\dimen295
\calc@Askip=\skip61
\calc@Bskip=\skip62
LaTeX Info: Redefining \setlength on input line 80.
LaTeX Info: Redefining \addtolength on input line 81.
\calc@Ccount=\count325
\calc@Cskip=\skip63
)
("C:/Program Files/MiKTeX/tex/latex/xkeyval/xkeyval.sty"
Package: xkeyval 2022/06/16 v2.9 package option processing (HA)

("C:/Program Files/MiKTeX/tex/generic/xkeyval/xkeyval.tex"
("C:/Program Files/MiKTeX/tex/generic/xkeyval/xkvutils.tex"
\XKV@toks=\toks43
\XKV@tempa@toks=\toks44
)
\XKV@depth=\count326
File: xkeyval.tex 2014/12/03 v2.7a key=value parser (HA)
))
\cellspacetoplimit=\dimen296
\cellspacebottomlimit=\dimen297
\cellspace@firstht=\dimen298
\cellspace@lastdp=\dimen299
)
("C:/Program Files/MiKTeX/tex/latex/tools/hhline.sty"
Package: hhline 2020/01/04 v2.04 Table rule package (DPC)
)
("C:/Program Files/MiKTeX/tex/latex/tools/tabularx.sty"
Package: tabularx 2020/01/15 v2.11c `tabularx' package (DPC)
\TX@col@width=\dimen300
\TX@old@table=\dimen301
\TX@old@col=\dimen302
\TX@target=\dimen303
\TX@delta=\dimen304
\TX@cols=\count327
\TX@ftn=\toks45
)
("C:/Users/R&D M.Mamdouh/AppData/Roaming/MiKTeX/tex/latex/mdframed/mdframed.sty
"
Package: mdframed 2013/07/01 1.9b: mdframed

("C:/Users/R&D M.Mamdouh/AppData/Roaming/MiKTeX/tex/latex/kvoptions/kvoptions.s
ty"
Package: kvoptions 2022-06-15 v3.15 Key value format for package options (HO)

("C:/Users/R&D M.Mamdouh/AppData/Roaming/MiKTeX/tex/latex/kvsetkeys/kvsetkeys.s
ty"
Package: kvsetkeys 2022-10-05 v1.19 Key value parser (HO)
))
("C:/Users/R&D M.Mamdouh/AppData/Roaming/MiKTeX/tex/latex/zref/zref-abspage.sty
"
Package: zref-abspage 2023-09-14 v2.35 Module abspage for zref (HO)
 ("C:/Users/R&D M.Mamdouh/AppData/Roaming/MiKTeX/tex/latex/zref/zref-base.sty"
Package: zref-base 2023-09-14 v2.35 Module base for zref (HO)

("C:/Users/R&D M.Mamdouh/AppData/Roaming/MiKTeX/tex/generic/kvdefinekeys/kvdefi
nekeys.sty"
Package: kvdefinekeys 2019-12-19 v1.6 Define keys (HO)
)
("C:/Users/R&D M.Mamdouh/AppData/Roaming/MiKTeX/tex/generic/etexcmds/etexcmds.s
ty"
Package: etexcmds 2019/12/15 v1.7 Avoid name clashes with e-TeX commands (HO)
)
("C:/Users/R&D M.Mamdouh/AppData/Roaming/MiKTeX/tex/latex/auxhook/auxhook.sty"
Package: auxhook 2019-12-17 v1.6 Hooks for auxiliary files (HO)
)
Package zref Info: New property list: main on input line 767.
Package zref Info: New property: default on input line 768.
Package zref Info: New property: page on input line 769.
)
\c@abspage=\count328
Package zref Info: New property: abspage on input line 67.
)
("C:/Users/R&D M.Mamdouh/AppData/Roaming/MiKTeX/tex/latex/needspace/needspace.s
ty"
Package: needspace 2010/09/12 v1.3d reserve vertical space
)
\mdf@templength=\skip64
\c@mdf@globalstyle@cnt=\count329
\mdf@skipabove@length=\skip65
\mdf@skipbelow@length=\skip66
\mdf@leftmargin@length=\skip67
\mdf@rightmargin@length=\skip68
\mdf@innerleftmargin@length=\skip69
\mdf@innerrightmargin@length=\skip70
\mdf@innertopmargin@length=\skip71
\mdf@innerbottommargin@length=\skip72
\mdf@splittopskip@length=\skip73
\mdf@splitbottomskip@length=\skip74
\mdf@outermargin@length=\skip75
\mdf@innermargin@length=\skip76
\mdf@linewidth@length=\skip77
\mdf@innerlinewidth@length=\skip78
\mdf@middlelinewidth@length=\skip79
\mdf@outerlinewidth@length=\skip80
\mdf@roundcorner@length=\skip81
\mdf@footenotedistance@length=\skip82
\mdf@userdefinedwidth@length=\skip83
\mdf@needspace@length=\skip84
\mdf@frametitleaboveskip@length=\skip85
\mdf@frametitlebelowskip@length=\skip86
\mdf@frametitlerulewidth@length=\skip87
\mdf@frametitleleftmargin@length=\skip88
\mdf@frametitlerightmargin@length=\skip89
\mdf@shadowsize@length=\skip90
\mdf@extratopheight@length=\skip91
\mdf@subtitleabovelinewidth@length=\skip92
\mdf@subtitlebelowlinewidth@length=\skip93
\mdf@subtitleaboveskip@length=\skip94
\mdf@subtitlebelowskip@length=\skip95
\mdf@subtitleinneraboveskip@length=\skip96
\mdf@subtitleinnerbelowskip@length=\skip97
\mdf@subsubtitleabovelinewidth@length=\skip98
\mdf@subsubtitlebelowlinewidth@length=\skip99
\mdf@subsubtitleaboveskip@length=\skip100
\mdf@subsubtitlebelowskip@length=\skip101
\mdf@subsubtitleinneraboveskip@length=\skip102
\mdf@subsubtitleinnerbelowskip@length=\skip103

("C:/Users/R&D M.Mamdouh/AppData/Roaming/MiKTeX/tex/latex/mdframed/md-frame-0.m
df"
File: md-frame-0.mdf 2013/07/01\ 1.9b: md-frame-0
)
\mdf@frametitlebox=\box129
\mdf@footnotebox=\box130
\mdf@splitbox@one=\box131
\mdf@splitbox@two=\box132
\mdf@splitbox@save=\box133
\mdfsplitboxwidth=\skip104
\mdfsplitboxtotalwidth=\skip105
\mdfsplitboxheight=\skip106
\mdfsplitboxdepth=\skip107
\mdfsplitboxtotalheight=\skip108
\mdfframetitleboxwidth=\skip109
\mdfframetitleboxtotalwidth=\skip110
\mdfframetitleboxheight=\skip111
\mdfframetitleboxdepth=\skip112
\mdfframetitleboxtotalheight=\skip113
\mdffootnoteboxwidth=\skip114
\mdffootnoteboxtotalwidth=\skip115
\mdffootnoteboxheight=\skip116
\mdffootnoteboxdepth=\skip117
\mdffootnoteboxtotalheight=\skip118
\mdftotallinewidth=\skip119
\mdfboundingboxwidth=\skip120
\mdfboundingboxtotalwidth=\skip121
\mdfboundingboxheight=\skip122
\mdfboundingboxdepth=\skip123
\mdfboundingboxtotalheight=\skip124
\mdf@freevspace@length=\skip125
\mdf@horizontalwidthofbox@length=\skip126
\mdf@verticalmarginwhole@length=\skip127
\mdf@horizontalspaceofbox=\skip128
\mdfsubtitleheight=\skip129
\mdfsubsubtitleheight=\skip130
\c@mdfcountframes=\count330

****** mdframed patching \endmdf@trivlist

****** -- success******

\mdf@envdepth=\count331
\c@mdf@env@i=\count332
\c@mdf@env@ii=\count333
\c@mdf@zref@counter=\count334
Package zref Info: New property: mdf@pagevalue on input line 895.
)
("C:/Users/R&D M.Mamdouh/AppData/Roaming/MiKTeX/tex/latex/fontawesome5/fontawes
ome5.sty"
Package: fontawesome5 2022/05/02 v5.15.4 Font Awesome 5
 ("C:/Program Files/MiKTeX/tex/latex/l3packages/l3keys2e/l3keys2e.sty"
Package: l3keys2e 2023-10-10 LaTeX2e option processing using LaTeX3 keys
)
("C:/Users/R&D M.Mamdouh/AppData/Roaming/MiKTeX/tex/latex/fontawesome5/fontawes
ome5-utex-helper.sty"
Package: fontawesome5-utex-helper 2022/05/02 v5.15.4 uTeX helper for fontawesom
e5

("C:/Users/R&D M.Mamdouh/AppData/Roaming/MiKTeX/tex/luatex/luatexbase/luatexbas
e.sty"
Package: luatexbase 2015/10/04 v1.3 luatexbase interface to LuaTeX 

("C:/Users/R&D M.Mamdouh/AppData/Roaming/MiKTeX/tex/luatex/ctablestack/ctablest
ack.sty"
Package: ctablestack 2015/10/01 v1.0 Catcode table stable support
\@catcodetablestackcnt=\count335
)
\CatcodeTableOther=\catcodetable14
\CatcodeTableExpl=\catcodetable15
)
LaTeX Font Info:    Trying to load font information for TU+fontawesomefree on i
nput line 69.

("C:/Users/R&D M.Mamdouh/AppData/Roaming/MiKTeX/tex/latex/fontawesome5/tufontaw
esomefree.fd")
LaTeX Font Info:    Trying to load font information for TU+fontawesomebrands on
 input line 70.

("C:/Users/R&D M.Mamdouh/AppData/Roaming/MiKTeX/tex/latex/fontawesome5/tufontaw
esomebrands.fd")))
("C:/Users/R&D M.Mamdouh/AppData/Roaming/MiKTeX/tex/latex/totcount/totcount.sty
"
Package: totcount 2011/01/25 v1.2 package for gettingthe total value of LaTeX c
ounters
) ("C:/Users/R&D M.Mamdouh/AppData/Roaming/MiKTeX/tex/latex/paracol/paracol.sty
"
Package: paracol 2018/12/31 v1.35 
\pcol@currcol=\count336
\pcol@nextcol=\count337
\pcol@ncol=\count338
\pcol@ncolleft=\count339
\pcol@page=\count340
\pcol@basepage=\count341
\pcol@toppage=\count342
\pcol@footnotebase=\count343
\pcol@nfootnotes=\count344
\pcol@mcid=\count345
\pcol@prevdepth=\dimen305
\pcol@colht=\dimen306
\pcol@textfloatsep=\dimen307
\pcol@lrmargin=\dimen308
\pagerim=\dimen309
\pcol@topskip=\skip131
\belowfootnoteskip=\skip132
\pcol@topfnotes=\box134
\pcol@prespan=\box135
\pcol@rightpage=\box136
\pcol@colorstack@saved=\box137
\pcol@tempboxa=\box138
\pcol@tempboxb=\box139
\pcol@colorins=\insert252
\pcol@everyvbox=\toks46
)
("C:/Users/R&D M.Mamdouh/AppData/Roaming/MiKTeX/tex/latex/datetime/datetime.sty
"
Package: datetime 2015/03/20 v2.60 Date Time Package

("C:/Users/R&D M.Mamdouh/AppData/Roaming/MiKTeX/tex/latex/fmtcount/fmtcount.sty
"
Package: fmtcount 2024/08/31 v3.08

("C:/Users/R&D M.Mamdouh/AppData/Roaming/MiKTeX/tex/latex/fmtcount/fcprefix.sty
"
Package: fcprefix 2012/09/28

("C:/Users/R&D M.Mamdouh/AppData/Roaming/MiKTeX/tex/latex/fmtcount/fcnumparser.
sty"
Package: fcnumparser 2017/06/15
\fc@digit@counter=\count346
))
\c@padzeroesN=\count347
\fc@tmpcatcode=\count348
\@DT@modctr=\count349
\@ordinalctr=\count350
\@orgargctr=\count351
\@strctr=\count352
\@tmpstrctr=\count353
\@DT@loopN=\count354
\@DT@X=\count355
)
("C:/Users/R&D M.Mamdouh/AppData/Roaming/MiKTeX/tex/latex/datetime/datetime-def
aults.sty"
Package: datetime-defaults 2013/09/10
)
\@day=\count356
\@month=\count357
\@year=\count358
\c@HOUR=\count359
\c@HOURXII=\count360
\c@MINUTE=\count361
\c@TOHOUR=\count362
\c@TOMINUTE=\count363
\c@SECOND=\count364
\currenthour=\count365
\currentminute=\count366
\currentsecond=\count367
Package datetime Info: No datetime.cfg file found, using default settings on in
put line 308.
\@dtctr=\count368
\dayofyear=\count369
\dayofweek=\count370
LaTeX Info: Redefining \today on input line 736.
\dt@a=\toks47
\dt@b=\toks48
)
("C:/Users/R&D M.Mamdouh/AppData/Roaming/MiKTeX/tex/latex/changepage/changepage
.sty"
Package: changepage 2009/10/20 v1.0c check page and change page layout
\c@cp@cntr=\count371
\cp@tempcnt=\count372
) ("C:/Users/R&D M.Mamdouh/AppData/Roaming/MiKTeX/tex/latex/ulem/ulem.sty"
\UL@box=\box140
\UL@hyphenbox=\box141
\UL@skip=\skip133
\UL@hook=\toks49
\UL@height=\dimen310
\UL@pe=\count373
\UL@pixel=\dimen311
\ULC@box=\box142
Package: ulem 2019/11/18
\ULdepth=\dimen312
) ("C:/Program Files/MiKTeX/tex/latex/amsfonts/amssymb.sty"
Package: amssymb 2013/01/14 v3.01 AMS font symbols

("C:/Program Files/MiKTeX/tex/latex/amsfonts/amsfonts.sty"
Package: amsfonts 2013/01/14 v3.01 Basic AMSFonts support
\symAMSa=\mathgroup4
\symAMSb=\mathgroup5
LaTeX Font Info:    Redeclaring math symbol \hbar on input line 98.
LaTeX Font Info:    Overwriting math alphabet `\mathfrak' in version `bold'
(Font)                  U/euf/m/n --> U/euf/b/n on input line 106.
))
("C:/Users/R&D M.Mamdouh/AppData/Roaming/MiKTeX/tex/latex/colortbl/colortbl.sty
"
Package: colortbl 2024/07/06 v1.0i Color table columns (DPC)
\everycr=\toks50
\minrowclearance=\skip134
\rownum=\count374
)
("C:/Users/R&D M.Mamdouh/AppData/Roaming/MiKTeX/tex/latex/supertabular/supertab
ular.sty"
Package: supertabular 2024/07/20 v4.2c the supertabular environment
\c@tracingst=\count375
\ST@wd=\dimen313
\ST@rightskip=\skip135
\ST@leftskip=\skip136
\ST@parfillskip=\skip137
\ST@pageleft=\dimen314
\ST@headht=\dimen315
\ST@tailht=\dimen316
\ST@pagesofar=\dimen317
\ST@pboxht=\dimen318
\ST@rowht=\dimen319
\ST@prevht=\dimen320
\ST@toadd=\dimen321
\ST@dimen=\dimen322
\ST@pbox=\box143
)
("C:/Users/R&D M.Mamdouh/AppData/Roaming/MiKTeX/tex/latex/multirow/multirow.sty
"
Package: multirow 2021/03/15 v2.8 Span multiple rows of a table
\multirow@colwidth=\skip138
\multirow@cntb=\count376
\multirow@dima=\skip139
\bigstrutjot=\dimen323
)
("C:/Users/R&D M.Mamdouh/AppData/Roaming/MiKTeX/tex/latex/mathtools/empheq.sty"
Package: empheq 2017/03/31 v2.15 Emphasizing equations
("C:/Users/R&D M.Mamdouh/AppData/Roaming/MiKTeX/tex/latex/mathtools/mhsetup.sty
"
Package: mhsetup 2021/03/18 v1.4 programming setup (MH)
)
("C:/Users/R&D M.Mamdouh/AppData/Roaming/MiKTeX/tex/latex/mathtools/mathtools.s
ty"
Package: mathtools 2024/03/11 v1.30 mathematical typesetting tools
\g_MT_multlinerow_int=\count377
\l_MT_multwidth_dim=\dimen324
\origjot=\skip140
\l_MT_shortvdotswithinadjustabove_dim=\dimen325
\l_MT_shortvdotswithinadjustbelow_dim=\dimen326
\l_MT_above_intertext_sep=\dimen327
\l_MT_below_intertext_sep=\dimen328
\l_MT_above_shortintertext_sep=\dimen329
\l_MT_below_shortintertext_sep=\dimen330
\xmathstrut@box=\box144
\xmathstrut@dim=\dimen331
)
\l_EQ_equationtype_int=\count378
\l_EQ_alignmentmode_int=\count379
\l_EQ_totalwidth_dim=\dimen332
\l_EQ_displaywidth_dim=\dimen333
\l_EQ_temp_linewidth_dim=\dimen334
\l_EQ_linewidth_dim=\dimen335
\EmphEqdelimitershortfall=\dimen336
\EmphEqdelimiterfactor=\count380
\g_EQ_toptag_height_dim=\dimen337
\g_EQ_bottomtag_depth_dim=\dimen338
\g_EQ_toprow_height_dim=\dimen339
\g_EQ_bottomrow_depth_dim=\dimen340
\g_EQ_widesttag_dim=\dimen341
\EQ_mathdisplay_box=\box145
\EQ_tag_box=\box146
\g_EQ_temprow_int=\count381
)
("C:/Users/R&D M.Mamdouh/AppData/Roaming/MiKTeX/tex/latex/paralist/paralist.sty
"
Package: paralist 2017/01/22 v2.7 Extended list environments
\pltopsep=\skip141
\plpartopsep=\skip142
\plitemsep=\skip143
\plparsep=\skip144
\pl@lab=\toks51
)
("C:/Users/R&D M.Mamdouh/AppData/Roaming/MiKTeX/tex/latex/picinpar/picinpar.sty
"
Pictures in Paragraphs. Version 1.2a, July 13, 1993
\br=\count382
\bl=\count383
\na=\count384
\nb=\count385
\tcdsav=\count386
\tcl=\count387
\tcd=\count388
\tcn=\count389
\cumtcl=\count390
\cumpartcl=\count391
\lftside=\dimen342
\rtside=\dimen343
\hpic=\dimen344
\vpic=\dimen345
\strutilg=\dimen346
\picwd=\dimen347
\topheight=\dimen348
\ilg=\dimen349
\lpic=\dimen350
\lwindowsep=\dimen351
\rwindowsep=\dimen352
\cumpar=\dimen353
\twa=\toks52
\la=\toks53
\ra=\toks54
\ha=\toks55
\pictoc=\toks56
\rawtext=\box147
\holder=\box148
\windowbox=\box149
\wartext=\box150
\finaltext=\box151
\aslice=\box152
\bslice=\box153
\wbox=\box154
\wstrutbox=\box155
\picbox=\box156
\waslice=\box157
\wbslice=\box158
\fslice=\box159
) ("C:/Users/R&D M.Mamdouh/AppData/Roaming/MiKTeX/tex/latex/vwcol/vwcol.sty"
Package: vwcol 2008/06/24 v0.1 Variable-width multicolumn text

("C:/Program Files/MiKTeX/tex/latex/ragged2e/ragged2e.sty"
Package: ragged2e 2023/06/22 v3.6 ragged2e Package
\CenteringLeftskip=\skip145
\RaggedLeftLeftskip=\skip146
\RaggedRightLeftskip=\skip147
\CenteringRightskip=\skip148
\RaggedLeftRightskip=\skip149
\RaggedRightRightskip=\skip150
\CenteringParfillskip=\skip151
\RaggedLeftParfillskip=\skip152
\RaggedRightParfillskip=\skip153
\JustifyingParfillskip=\skip154
\CenteringParindent=\skip155
\RaggedLeftParindent=\skip156
\RaggedRightParindent=\skip157
\JustifyingParindent=\skip158
)
\vwcol@sep=\skip159
\vwcol@rule=\skip160
\vwcol@totalwidth=\skip161
\vwcol@averagewidth=\skip162
\vwcol@parindent=\skip163
\vwcol@last=\count392
\vwcol@Ncols=\count393
\vwcol@Nlines=\count394
\vwcol@maxrecursion=\count395
\vwcol@box=\box160
\vwcol@plainbox=\box161
\vwcol@outputbox=\box162
)
("C:/Users/R&D M.Mamdouh/AppData/Roaming/MiKTeX/tex/latex/cancel/cancel.sty"
Package: cancel 2013/04/12 v2.2 Cancel math terms
)
("C:/Program Files/MiKTeX/tex/latex/blindtext/blindtext.sty"
Package: blindtext 2012/01/06 V2.0 blindtext-Package

("C:/Program Files/MiKTeX/tex/latex/tools/xspace.sty"
Package: xspace 2014/10/28 v1.13 Space after command names (DPC,MH)
)
\c@blindtext=\count396
\c@Blindtext=\count397
\c@blind@countparstart=\count398
\blind@countxx=\count399
\blindtext@numBlindtext=\count400
\blind@countyy=\count401
\c@blindlist=\count402
\c@blindlistlevel=\count403
\c@blindlist@level=\count404
\blind@listitem=\count405
\c@blind@listcount=\count406
\c@blind@levelcount=\count407
\blind@mathformula=\count408
\blind@Mathformula=\count409
\c@blind@randomcount=\count410
\c@blind@randommax=\count411
\c@blind@pangramcount=\count412
\c@blind@pangrammax=\count413
)
("C:/Users/R&D M.Mamdouh/AppData/Roaming/MiKTeX/tex/latex/enumitem/enumitem.sty
"
Package: enumitem 2019/06/20 v3.9 Customized lists
\labelindent=\skip164
\enit@outerparindent=\dimen354
\enit@toks=\toks57
\enit@inbox=\box163
\enit@count@id=\count414
\enitdp@description=\count415
)
("C:/Users/R&D M.Mamdouh/AppData/Roaming/MiKTeX/tex/latex/titlesec/titlesec.sty
"
Package: titlesec 2021/07/05 v2.14 Sectioning titles
\ttl@box=\box164
\beforetitleunit=\skip165
\aftertitleunit=\skip166
\ttl@plus=\dimen355
\ttl@minus=\dimen356
\ttl@toksa=\toks58
\titlewidth=\dimen357
\titlewidthlast=\dimen358
\titlewidthfirst=\dimen359
) ("C:/Users/R&D M.Mamdouh/AppData/Roaming/MiKTeX/tex/latex/lipsum/lipsum.sty"
Package: lipsum 2021-09-20 v2.7 150 paragraphs of Lorem Ipsum dummy text
\g__lipsum_par_int=\count416
\l__lipsum_a_int=\count417
\l__lipsum_b_int=\count418
("C:/Users/R&D M.Mamdouh/AppData/Roaming/MiKTeX/tex/latex/lipsum/lipsum.ltd.tex
"))
("C:/Program Files/MiKTeX/tex/generic/pgf/frontendlayer/tikz/libraries/tikzlibr
arycalc.code.tex"
File: tikzlibrarycalc.code.tex 2023-01-15 v3.1.10 (3.1.10)
)
("C:/Program Files/MiKTeX/tex/generic/pgf/frontendlayer/tikz/libraries/tikzlibr
aryshapes.code.tex"
File: tikzlibraryshapes.code.tex 2023-01-15 v3.1.10 (3.1.10)

("C:/Program Files/MiKTeX/tex/generic/pgf/frontendlayer/tikz/libraries/tikzlibr
aryshapes.geometric.code.tex"
File: tikzlibraryshapes.geometric.code.tex 2023-01-15 v3.1.10 (3.1.10)

("C:/Program Files/MiKTeX/tex/generic/pgf/libraries/shapes/pgflibraryshapes.geo
metric.code.tex"
File: pgflibraryshapes.geometric.code.tex 2023-01-15 v3.1.10 (3.1.10)
))
("C:/Program Files/MiKTeX/tex/generic/pgf/frontendlayer/tikz/libraries/tikzlibr
aryshapes.misc.code.tex"
File: tikzlibraryshapes.misc.code.tex 2023-01-15 v3.1.10 (3.1.10)

("C:/Program Files/MiKTeX/tex/generic/pgf/libraries/shapes/pgflibraryshapes.mis
c.code.tex"
File: pgflibraryshapes.misc.code.tex 2023-01-15 v3.1.10 (3.1.10)
))
("C:/Program Files/MiKTeX/tex/generic/pgf/frontendlayer/tikz/libraries/tikzlibr
aryshapes.symbols.code.tex"
File: tikzlibraryshapes.symbols.code.tex 2023-01-15 v3.1.10 (3.1.10)

("C:/Program Files/MiKTeX/tex/generic/pgf/libraries/shapes/pgflibraryshapes.sym
bols.code.tex"
File: pgflibraryshapes.symbols.code.tex 2023-01-15 v3.1.10 (3.1.10)
))
("C:/Program Files/MiKTeX/tex/generic/pgf/frontendlayer/tikz/libraries/tikzlibr
aryshapes.arrows.code.tex"
File: tikzlibraryshapes.arrows.code.tex 2023-01-15 v3.1.10 (3.1.10)

("C:/Program Files/MiKTeX/tex/generic/pgf/libraries/shapes/pgflibraryshapes.arr
ows.code.tex"
File: pgflibraryshapes.arrows.code.tex 2023-01-15 v3.1.10 (3.1.10)
))
("C:/Program Files/MiKTeX/tex/generic/pgf/frontendlayer/tikz/libraries/tikzlibr
aryshapes.callouts.code.tex"
("C:/Program Files/MiKTeX/tex/generic/pgf/libraries/shapes/pgflibraryshapes.cal
louts.code.tex"))
("C:/Program Files/MiKTeX/tex/generic/pgf/frontendlayer/tikz/libraries/tikzlibr
aryshapes.multipart.code.tex"
File: tikzlibraryshapes.multipart.code.tex 2023-01-15 v3.1.10 (3.1.10)

("C:/Program Files/MiKTeX/tex/generic/pgf/libraries/shapes/pgflibraryshapes.mul
tipart.code.tex"
File: pgflibraryshapes.multipart.code.tex 2023-01-15 v3.1.10 (3.1.10)
\pgfnodepartlowerbox=\box165
\pgfnodeparttwobox=\box166
\pgfnodepartthreebox=\box167
\pgfnodepartfourbox=\box168
\pgfnodeparttwentybox=\box169
\pgfnodepartnineteenbox=\box170
\pgfnodeparteighteenbox=\box171
\pgfnodepartseventeenbox=\box172
\pgfnodepartsixteenbox=\box173
\pgfnodepartfifteenbox=\box174
\pgfnodepartfourteenbox=\box175
\pgfnodepartthirteenbox=\box176
\pgfnodeparttwelvebox=\box177
\pgfnodepartelevenbox=\box178
\pgfnodeparttenbox=\box179
\pgfnodepartninebox=\box180
\pgfnodeparteightbox=\box181
\pgfnodepartsevenbox=\box182
\pgfnodepartsixbox=\box183
\pgfnodepartfivebox=\box184
)))
("C:/Program Files/MiKTeX/tex/generic/pgf/frontendlayer/tikz/libraries/tikzlibr
aryarrows.code.tex"
File: tikzlibraryarrows.code.tex 2023-01-15 v3.1.10 (3.1.10)

("C:/Program Files/MiKTeX/tex/generic/pgf/libraries/pgflibraryarrows.code.tex"
File: pgflibraryarrows.code.tex 2023-01-15 v3.1.10 (3.1.10)
\arrowsize=\dimen360
))
("C:/Program Files/MiKTeX/tex/generic/pgf/frontendlayer/tikz/libraries/tikzlibr
arypositioning.code.tex"
File: tikzlibrarypositioning.code.tex 2023-01-15 v3.1.10 (3.1.10)
)
("C:/Program Files/MiKTeX/tex/generic/pgf/frontendlayer/tikz/libraries/tikzlibr
arypatterns.code.tex"
File: tikzlibrarypatterns.code.tex 2023-01-15 v3.1.10 (3.1.10)

("C:/Program Files/MiKTeX/tex/generic/pgf/libraries/pgflibrarypatterns.code.tex
"
File: pgflibrarypatterns.code.tex 2023-01-15 v3.1.10 (3.1.10)
))
("C:/Program Files/MiKTeX/tex/generic/pgf/frontendlayer/tikz/libraries/tikzlibr
aryfit.code.tex"
File: tikzlibraryfit.code.tex 2023-01-15 v3.1.10 (3.1.10)
)
("C:/Program Files/MiKTeX/tex/generic/pgf/libraries/pgflibraryarrows.meta.code.
tex"
File: pgflibraryarrows.meta.code.tex 2023-01-15 v3.1.10 (3.1.10)
\pgfarrowinset=\dimen361
\pgfarrowlength=\dimen362
\pgfarrowwidth=\dimen363
\pgfarrowlinewidth=\dimen364
)
("C:/Program Files/MiKTeX/tex/generic/pgf/frontendlayer/tikz/libraries/tikzlibr
arydecorations.text.code.tex"
("C:/Program Files/MiKTeX/tex/generic/pgf/frontendlayer/tikz/libraries/tikzlibr
arydecorations.code.tex"
("C:/Program Files/MiKTeX/tex/generic/pgf/modules/pgfmoduledecorations.code.tex
"
\pgfdecoratedcompleteddistance=\dimen365
\pgfdecoratedremainingdistance=\dimen366
\pgfdecoratedinputsegmentcompleteddistance=\dimen367
\pgfdecoratedinputsegmentremainingdistance=\dimen368
\pgf@decorate@distancetomove=\dimen369
\pgf@decorate@repeatstate=\count419
\pgfdecorationsegmentamplitude=\dimen370
\pgfdecorationsegmentlength=\dimen371
)
\tikz@lib@dec@box=\box185
)
("C:/Program Files/MiKTeX/tex/generic/pgf/libraries/decorations/pgflibrarydecor
ations.text.code.tex"
\pgf@lib@dec@text@box=\box186
)
\tikz@lib@dec@te@box=\box187
)
("C:/Program Files/MiKTeX/tex/generic/pgf/frontendlayer/tikz/libraries/tikzlibr
arydecorations.pathmorphing.code.tex"
("C:/Program Files/MiKTeX/tex/generic/pgf/libraries/decorations/pgflibrarydecor
ations.pathmorphing.code.tex"))
("C:/Users/R&D M.Mamdouh/AppData/Roaming/MiKTeX/tex/latex/pgf-blur/tikzlibrarys
hadows.blur.code.tex"  v1.02, 2012/12/09
("C:/Program Files/MiKTeX/tex/generic/pgf/frontendlayer/tikz/libraries/tikzlibr
aryshadows.code.tex"
File: tikzlibraryshadows.code.tex 2023-01-15 v3.1.10 (3.1.10)
)
\pgfbs@fading@count=\count420
)
("C:/Program Files/MiKTeX/tex/generic/pgf/frontendlayer/tikz/libraries/tikzlibr
aryshadings.code.tex"
File: tikzlibraryshadings.code.tex 2023-01-15 v3.1.10 (3.1.10)

("C:/Program Files/MiKTeX/tex/generic/pgf/libraries/pgflibraryshadings.code.tex
"
File: pgflibraryshadings.code.tex 2023-01-15 v3.1.10 (3.1.10)
))
("C:/Program Files/MiKTeX/tex/generic/pgf/frontendlayer/tikz/libraries/tikzlibr
arybackgrounds.code.tex"
File: tikzlibrarybackgrounds.code.tex 2023-01-15 v3.1.10 (3.1.10)
\pgf@layerbox@background=\box188
\pgf@layerboxsaved@background=\box189
)
("C:/Program Files/MiKTeX/tex/generic/pgf/frontendlayer/tikz/libraries/tikzlibr
arytrees.code.tex"
File: tikzlibrarytrees.code.tex 2023-01-15 v3.1.10 (3.1.10)
)
("C:/Program Files/MiKTeX/tex/generic/pgf/frontendlayer/tikz/libraries/tikzlibr
arymatrix.code.tex"
File: tikzlibrarymatrix.code.tex 2023-01-15 v3.1.10 (3.1.10)
)
("C:/Users/R&D M.Mamdouh/AppData/Roaming/MiKTeX/tex/latex/tikzpeople/tikzpeople
.sty"
Package: tikzpeople 2017/04/22 v0.4 People shaped nodes for Tikz

("C:/Program Files/MiKTeX/tex/generic/pgf/libraries/pgflibraryintersections.cod
e.tex"
("C:/Program Files/MiKTeX/tex/generic/pgf/libraries/pgflibraryfpu.code.tex")
\pgf@intersect@solutions=\count421
)
("C:/Program Files/MiKTeX/tex/generic/pgf/frontendlayer/tikz/libraries/tikzlibr
arydecorations.markings.code.tex"
("C:/Program Files/MiKTeX/tex/generic/pgf/libraries/decorations/pgflibrarydecor
ations.markings.code.tex"))
("C:/Users/R&D M.Mamdouh/AppData/Roaming/MiKTeX/tex/latex/tikzpeople/tikzpeople
.shape.alice.sty")
("C:/Users/R&D M.Mamdouh/AppData/Roaming/MiKTeX/tex/latex/tikzpeople/tikzpeople
.shape.bob.sty")
("C:/Users/R&D M.Mamdouh/AppData/Roaming/MiKTeX/tex/latex/tikzpeople/tikzpeople
.shape.bride.sty")
("C:/Users/R&D M.Mamdouh/AppData/Roaming/MiKTeX/tex/latex/tikzpeople/tikzpeople
.shape.builder.sty")
("C:/Users/R&D M.Mamdouh/AppData/Roaming/MiKTeX/tex/latex/tikzpeople/tikzpeople
.shape.businessman.sty")
("C:/Users/R&D M.Mamdouh/AppData/Roaming/MiKTeX/tex/latex/tikzpeople/tikzpeople
.shape.charlie.sty")
("C:/Users/R&D M.Mamdouh/AppData/Roaming/MiKTeX/tex/latex/tikzpeople/tikzpeople
.shape.chef.sty")
("C:/Users/R&D M.Mamdouh/AppData/Roaming/MiKTeX/tex/latex/tikzpeople/tikzpeople
.shape.conductor.sty")
("C:/Users/R&D M.Mamdouh/AppData/Roaming/MiKTeX/tex/latex/tikzpeople/tikzpeople
.shape.cowboy.sty")
("C:/Users/R&D M.Mamdouh/AppData/Roaming/MiKTeX/tex/latex/tikzpeople/tikzpeople
.shape.criminal.sty")
("C:/Users/R&D M.Mamdouh/AppData/Roaming/MiKTeX/tex/latex/tikzpeople/tikzpeople
.shape.dave.sty")
("C:/Users/R&D M.Mamdouh/AppData/Roaming/MiKTeX/tex/latex/tikzpeople/tikzpeople
.shape.devil.sty")
("C:/Users/R&D M.Mamdouh/AppData/Roaming/MiKTeX/tex/latex/tikzpeople/tikzpeople
.shape.duck.sty")
("C:/Users/R&D M.Mamdouh/AppData/Roaming/MiKTeX/tex/latex/tikzpeople/tikzpeople
.shape.graduate.sty")
("C:/Users/R&D M.Mamdouh/AppData/Roaming/MiKTeX/tex/latex/tikzpeople/tikzpeople
.shape.groom.sty")
("C:/Users/R&D M.Mamdouh/AppData/Roaming/MiKTeX/tex/latex/tikzpeople/tikzpeople
.shape.guard.sty")
("C:/Users/R&D M.Mamdouh/AppData/Roaming/MiKTeX/tex/latex/tikzpeople/tikzpeople
.shape.jester.sty")
("C:/Users/R&D M.Mamdouh/AppData/Roaming/MiKTeX/tex/latex/tikzpeople/tikzpeople
.shape.judge.sty")
("C:/Users/R&D M.Mamdouh/AppData/Roaming/MiKTeX/tex/latex/tikzpeople/tikzpeople
.shape.maninblack.sty")
("C:/Users/R&D M.Mamdouh/AppData/Roaming/MiKTeX/tex/latex/tikzpeople/tikzpeople
.shape.mexican.sty")
("C:/Users/R&D M.Mamdouh/AppData/Roaming/MiKTeX/tex/latex/tikzpeople/tikzpeople
.shape.nun.sty")
("C:/Users/R&D M.Mamdouh/AppData/Roaming/MiKTeX/tex/latex/tikzpeople/tikzpeople
.shape.nurse.sty")
("C:/Users/R&D M.Mamdouh/AppData/Roaming/MiKTeX/tex/latex/tikzpeople/tikzpeople
.shape.physician.sty")
("C:/Users/R&D M.Mamdouh/AppData/Roaming/MiKTeX/tex/latex/tikzpeople/tikzpeople
.shape.pilot.sty")
("C:/Users/R&D M.Mamdouh/AppData/Roaming/MiKTeX/tex/latex/tikzpeople/tikzpeople
.shape.police.sty")
("C:/Users/R&D M.Mamdouh/AppData/Roaming/MiKTeX/tex/latex/tikzpeople/tikzpeople
.shape.priest.sty")
("C:/Users/R&D M.Mamdouh/AppData/Roaming/MiKTeX/tex/latex/tikzpeople/tikzpeople
.shape.sailor.sty")
("C:/Users/R&D M.Mamdouh/AppData/Roaming/MiKTeX/tex/latex/tikzpeople/tikzpeople
.shape.santa.sty")
("C:/Users/R&D M.Mamdouh/AppData/Roaming/MiKTeX/tex/latex/tikzpeople/tikzpeople
.shape.surgeon.sty"))
\pgf@layerbox@background layer=\box190
\pgf@layerboxsaved@background layer=\box191
\pgf@layerbox@foreground layer=\box192
\pgf@layerboxsaved@foreground layer=\box193

("C:/Users/R&D M.Mamdouh/AppData/Roaming/MiKTeX/tex/latex/polyglossia/polygloss
ia.sty"
Package: polyglossia 2023/10/01 v1.65 Modern multilingual typesetting with XeLa
TeX and LuaLaTeX

("C:/Users/R&D M.Mamdouh/AppData/Roaming/MiKTeX/tex/latex/makecmds/makecmds.sty
"
Package: makecmds 2009/09/03 v1.0a extra command making commands
) ("C:/Program Files/MiKTeX/tex/latex/fontspec/fontspec.sty"
Package: fontspec 2022/01/15 v2.8a Font selection for XeLaTeX and LuaLaTeX
Lua module: fontspec 2022/01/15 2.8a Font selection for XeLaTeX and LuaLaTeX
("C:/Program Files/MiKTeX/tex/latex/fontspec/fontspec-luatex.sty"
Package: fontspec-luatex 2022/01/15 v2.8a Font selection for XeLaTeX and LuaLaT
eX
\l__fontspec_script_int=\count422
\l__fontspec_language_int=\count423
\l__fontspec_strnum_int=\count424
\l__fontspec_tmp_int=\count425
\l__fontspec_tmpa_int=\count426
\l__fontspec_tmpb_int=\count427
\l__fontspec_tmpc_int=\count428
\l__fontspec_em_int=\count429
\l__fontspec_emdef_int=\count430
\l__fontspec_strong_int=\count431
\l__fontspec_strongdef_int=\count432
\l__fontspec_tmpa_dim=\dimen372
\l__fontspec_tmpb_dim=\dimen373
\l__fontspec_tmpc_dim=\dimen374

("C:/Program Files/MiKTeX/tex/latex/base/fontenc.sty"
Package: fontenc 2021/04/29 v2.0v Standard LaTeX package
)
("C:/Program Files/MiKTeX/tex/latex/fontspec/fontspec.cfg")))
Lua module: polyglossia 2013/05/11 1.3 Polyglossia
("C:/Users/R&D M.Mamdouh/AppData/Roaming/MiKTeX/tex/latex/polyglossia/gloss-lat
ex.lde"
Package: gloss-latex 2023/10/01 v1.65 polyglossia: module for default language
The property list \polyglossia@langsetup contains the pairs (without outer
braces):
>  {latex/script}  =>  {latin}
>  {latex/lcscript}  =>  {latin}
>  {latex/scripttag}  =>  {}
>  {latex/language}  =>  {Latex}
>  {latex/langtag}  =>  {ENG}
>  {latex/bcp47}  =>  {en-US}
>  {latex/bcp47-language}  =>  {en}
>  {latex/bcp47-region}  =>  {US}
>  {latex/bcp47-script}  =>  {Latn}
>  {latex/bcp47-variant}  =>  {}
>  {latex/bcp47-extension-t}  =>  {}
>  {latex/bcp47-extension-u}  =>  {}
>  {latex/bcp47-extension-x}  =>  {}
>  {latex/bcp47-casing}  =>  {}
>  {latex/hyphennames}  =>  {english}
>  {latex/direction}  =>  {LR}
>  {latex/hyphenmins}  =>  {2,3}
>  {latex/frenchspacing}  =>  {false}
>  {latex/indentfirst}  =>  {false}
>  {latex/fontsetup}  =>  {true}
>  {latex/envname}  =>  {latex}
>  {latex/babelname}  =>  {latex}
>  {latex/localnumeral}  =>  {polyglossia@C@localnumeral}
>  {latex/Localnumeral}  =>  {polyglossia@C@localnumeral}
>  {latex/DefineCommandsCmd}  =>  {use_none:n}.
)
Package polyglossia Info: Default language is latex.
Package polyglossia Info: Setting LuaTeX font renderer to Harfbuzz.
)
("C:/Users/R&D M.Mamdouh/AppData/Roaming/MiKTeX/tex/latex/wrapfig/wrapfig.sty"
\wrapoverhang=\dimen375
\WF@size=\dimen376
\c@WF@wrappedlines=\count433
\WF@box=\box194
\WF@everypar=\toks59
Package: wrapfig 2003/01/31  v 3.6
) ("C:/Users/R&D M.Mamdouh/AppData/Roaming/MiKTeX/tex/latex/censor/censor.sty"
Package: censor 2023/06/05\ 4.3\ Provides capability for redaction of sensitive
 information

("C:/Users/R&D M.Mamdouh/AppData/Roaming/MiKTeX/tex/latex/pbox/pbox.sty"
Package: pbox 2011/12/07 v1.2 Dynamic parboxes
\pb@xlen=\skip167
)
\censorruledepth=\skip168
\censorruleheight=\skip169

("C:/Users/R&D M.Mamdouh/AppData/Roaming/MiKTeX/tex/latex/tokcycle/tokcycle.sty
"
("C:/Users/R&D M.Mamdouh/AppData/Roaming/MiKTeX/tex/generic/tokcycle/tokcycle.t
ex"
\tc@tok=\toks60
\tcdepth=\count434
\cytoks=\toks61
)
Package: tokcycle 2021/08/25 V1.42 Cycle through and transform a stream of toke
ns
))
("C:/Users/R&D M.Mamdouh/AppData/Roaming/MiKTeX/tex/latex/polyglossia/gloss-eng
lish.ldf"
File: gloss-english.ldf polyglossia: module for English
The property list \polyglossia@langsetup contains the pairs (without outer
braces):
>  {latex/script}  =>  {latin}
>  {latex/lcscript}  =>  {latin}
>  {latex/scripttag}  =>  {}
>  {latex/language}  =>  {Latex}
>  {latex/langtag}  =>  {ENG}
>  {latex/bcp47}  =>  {en-US}
>  {latex/bcp47-language}  =>  {en}
>  {latex/bcp47-region}  =>  {US}
>  {latex/bcp47-script}  =>  {Latn}
>  {latex/bcp47-variant}  =>  {}
>  {latex/bcp47-extension-t}  =>  {}
>  {latex/bcp47-extension-u}  =>  {}
>  {latex/bcp47-extension-x}  =>  {}
>  {latex/bcp47-casing}  =>  {}
>  {latex/hyphennames}  =>  {english}
>  {latex/direction}  =>  {LR}
>  {latex/hyphenmins}  =>  {2,3}
>  {latex/frenchspacing}  =>  {false}
>  {latex/indentfirst}  =>  {false}
>  {latex/fontsetup}  =>  {true}
>  {latex/envname}  =>  {latex}
>  {latex/babelname}  =>  {latex}
>  {latex/localnumeral}  =>  {polyglossia@C@localnumeral}
>  {latex/Localnumeral}  =>  {polyglossia@C@localnumeral}
>  {latex/DefineCommandsCmd}  =>  {use_none:n}
>  {english/script}  =>  {latin}
>  {english/lcscript}  =>  {latin}
>  {english/scripttag}  =>  {}
>  {english/language}  =>  {English}
>  {english/langtag}  =>  {ENG}
>  {english/bcp47}  =>  {en-US}
>  {english/bcp47-language}  =>  {en}
>  {english/bcp47-region}  =>  {US}
>  {english/bcp47-script}  =>  {Latn}
>  {english/bcp47-variant}  =>  {}
>  {english/bcp47-extension-t}  =>  {}
>  {english/bcp47-extension-u}  =>  {}
>  {english/bcp47-extension-x}  =>  {}
>  {english/bcp47-casing}  =>  {}
>  {english/hyphennames}  =>  {english,american,usenglish,USenglish}
>  {english/direction}  =>  {LR}
>  {english/hyphenmins}  =>  {2,3}
>  {english/frenchspacing}  =>  {false}
>  {english/indentfirst}  =>  {false}
>  {english/fontsetup}  =>  {true}
>  {english/envname}  =>  {english}
>  {english/babelname}  =>  {english}
>  {english/localnumeral}  =>  {polyglossia@C@localnumeral}
>  {english/Localnumeral}  =>  {polyglossia@C@localnumeral}
>  {english/DefineCommandsCmd}  =>  {xpg_define_language_commands:e}.
Package polyglossia Info: Option: English, variant=american.
)
Package polyglossia Info: Default language is english.

("C:/Users/R&D M.Mamdouh/AppData/Roaming/MiKTeX/tex/latex/refcount/refcount.sty
"
Package: refcount 2019/12/15 v3.6 Data extraction from label references (HO)
)
("C:/Users/R&D M.Mamdouh/AppData/Roaming/MiKTeX/tex/latex/datenumber/datenumber
.sty"
Package: datenumber 2022/01/27v0.03

("C:/Users/R&D M.Mamdouh/AppData/Roaming/MiKTeX/tex/latex/datenumber/datenumber
USenglish.ldf"
File: datenumberUSenglish.ldf 
)
\c@@dayscnt=\count435
\c@@startyear=\count436
\c@datenumber=\count437
\c@dateyear=\count438
\c@datemonth=\count439
\c@dateday=\count440
\c@datedayname=\count441
\@nom=\count442
\@den=\count443
)
("C:/Users/R&D M.Mamdouh/AppData/Roaming/MiKTeX/tex/latex/datetime2/datetime2.s
ty"
Package: datetime2 2021/03/21 v1.5.7 (NLCT) date and time formats

("C:/Users/R&D M.Mamdouh/AppData/Roaming/MiKTeX/tex/latex/tracklang/tracklang.s
ty"
Package: tracklang 2022/12/13 v1.6.1 (NLCT) Track Languages

("C:/Users/R&D M.Mamdouh/AppData/Roaming/MiKTeX/tex/generic/tracklang/tracklang
.tex"))
("C:/Users/R&D M.Mamdouh/AppData/Roaming/MiKTeX/tex/latex/datetime2-english/dat
etime2-en-US.ldf"
File: datetime2-en-US.ldf 2019/10/21 v1.05 (NLCT)

("C:/Users/R&D M.Mamdouh/AppData/Roaming/MiKTeX/tex/latex/datetime2-english/dat
etime2-english-base.ldf"
File: datetime2-english-base.ldf 2019/10/21 v1.05 (NLCT)
))
("C:/Users/R&D M.Mamdouh/AppData/Roaming/MiKTeX/tex/latex/datetime2/datetime2-c
alc.sty"
Package: datetime2-calc 2021/03/21 v1.5.7 (NLCT)
 ("C:/Program Files/MiKTeX/tex/latex/pgf/utilities/pgfcalendar.sty"
("C:/Program Files/MiKTeX/tex/generic/pgf/utilities/pgfcalendar.code.tex"
File: pgfcalendar.code.tex 2023-01-15 v3.1.10 (3.1.10)
\pgfcalendarcurrentjulian=\count444
\pgf@cal@easter@Y=\count445
\pgf@cal@easter@G=\count446
\pgf@cal@easter@C=\count447
\pgf@cal@easter@X=\count448
\pgf@cal@easter@Z=\count449
\pgf@cal@easter@D=\count450
\pgf@cal@easter@E=\count451
\pgf@cal@easter@N=\count452
\pgf@cal@easter@M=\count453
\pgf@cal@easter@julianday=\count454
))
\@dtm@julianday=\count455
))

Package datetime2 Warning: Region `english-base' has ignored 
(datetime2)                the following settings:
(datetime2)                ord=raise
 on input line 132.

) (./configs.tex
\sectionlabelwidth=\skip170
 (./CV_latex.elsisi)
\mycontents=\write4

\openout4 = CV_latex.elsisi
\SecWid=\skip171
\c@myyorderu=\count456
) (./CV_latex.aux)
\openout1 = CV_latex.aux

LaTeX Font Info:    Checking defaults for OML/cmm/m/it on input line 5.
LaTeX Font Info:    ... okay on input line 5.
LaTeX Font Info:    Checking defaults for OMS/cmsy/m/n on input line 5.
LaTeX Font Info:    ... okay on input line 5.
LaTeX Font Info:    Checking defaults for OT1/cmr/m/n on input line 5.
LaTeX Font Info:    ... okay on input line 5.
LaTeX Font Info:    Checking defaults for T1/cmr/m/n on input line 5.
LaTeX Font Info:    ... okay on input line 5.
LaTeX Font Info:    Checking defaults for TS1/cmr/m/n on input line 5.
LaTeX Font Info:    Trying to load font information for TS1+cmr on input line 5
.

("C:/Program Files/MiKTeX/tex/latex/base/ts1cmr.fd"
File: ts1cmr.fd 2023/04/13 v2.5m Standard LaTeX font definitions
)
LaTeX Font Info:    ... okay on input line 5.
LaTeX Font Info:    Checking defaults for TU/lmr/m/n on input line 5.
LaTeX Font Info:    ... okay on input line 5.
LaTeX Font Info:    Checking defaults for OMX/cmex/m/n on input line 5.
LaTeX Font Info:    ... okay on input line 5.
LaTeX Font Info:    Checking defaults for U/cmr/m/n on input line 5.
LaTeX Font Info:    ... okay on input line 5.

*geometry* driver: auto-detecting
*geometry* detected driver: luatex
*geometry* verbose mode - [ preamble ] result:
* driver: luatex
* paper: a4paper
* layout: <same size as paper>
* layoutoffset:(h,v)=(0.0pt,0.0pt)
* modes: 
* h-part:(L,W,R)=(30.0pt, 537.50787pt, 30.0pt)
* v-part:(T,H,B)=(30.0pt, 785.04684pt, 30.0pt)
* \paperwidth=597.50787pt
* \paperheight=845.04684pt
* \textwidth=537.50787pt
* \textheight=785.04684pt
* \oddsidemargin=-42.26999pt
* \evensidemargin=-42.26999pt
* \topmargin=-79.26999pt
* \headheight=12.0pt
* \headsep=25.0pt
* \topskip=10.0pt
* \footskip=30.0pt
* \marginparwidth=65.0pt
* \marginparsep=11.0pt
* \columnsep=10.0pt
* \skip\footins=9.0pt plus 4.0pt minus 2.0pt
* \hoffset=0.0pt
* \voffset=0.0pt
* \mag=1000
* \@twocolumnfalse
* \@twosidefalse
* \@mparswitchfalse
* \@reversemarginfalse
* (1in=72.27pt=25.4mm, 1cm=28.453pt)

("C:/Program Files/MiKTeX/tex/context/base/mkii/supp-pdf.mkii"
[Loading MPS to PDF converter (version 2006.09.02).]
\scratchcounter=\count457
\scratchdimen=\dimen377
\scratchbox=\box195
\nofMPsegments=\count458
\nofMParguments=\count459
\everyMPshowfont=\toks62
\MPscratchCnt=\count460
\MPscratchDim=\dimen378
\MPnumerator=\count461
\makeMPintoPDFobject=\count462
\everyMPtoPDFconversion=\toks63
) ("C:/Program Files/MiKTeX/tex/latex/epstopdf-pkg/epstopdf-base.sty"
Package: epstopdf-base 2020-01-24 v2.11 Base part for package epstopdf
Package epstopdf-base Info: Redefining graphics rule for `.eps' on input line 4
85.

("C:/Program Files/MiKTeX/tex/latex/00miktex/epstopdf-sys.cfg"
File: epstopdf-sys.cfg 2021/03/18 v2.0 Configuration of epstopdf for MiKTeX
))
\c@lstlisting=\count463
\Hy@linkcounter=\count464

Package fontspec Info: Adjusting the maths setup (use [no-math] to avoid
(fontspec)             this).

\symlegacymaths=\mathgroup6
LaTeX Font Info:    Overwriting symbol font `legacymaths' in version `bold'
(Font)                  OT1/cmr/m/n --> OT1/cmr/bx/n on input line 5.
LaTeX Font Info:    Redeclaring math accent \acute on input line 5.
LaTeX Font Info:    Redeclaring math accent \grave on input line 5.
LaTeX Font Info:    Redeclaring math accent \ddot on input line 5.
LaTeX Font Info:    Redeclaring math accent \tilde on input line 5.
LaTeX Font Info:    Redeclaring math accent \bar on input line 5.
LaTeX Font Info:    Redeclaring math accent \breve on input line 5.
LaTeX Font Info:    Redeclaring math accent \check on input line 5.
LaTeX Font Info:    Redeclaring math accent \hat on input line 5.
LaTeX Font Info:    Redeclaring math accent \dot on input line 5.
LaTeX Font Info:    Redeclaring math accent \mathring on input line 5.
LaTeX Font Info:    Redeclaring math symbol \Gamma on input line 5.
LaTeX Font Info:    Redeclaring math symbol \Delta on input line 5.
LaTeX Font Info:    Redeclaring math symbol \Theta on input line 5.
LaTeX Font Info:    Redeclaring math symbol \Lambda on input line 5.
LaTeX Font Info:    Redeclaring math symbol \Xi on input line 5.
LaTeX Font Info:    Redeclaring math symbol \Pi on input line 5.
LaTeX Font Info:    Redeclaring math symbol \Sigma on input line 5.
LaTeX Font Info:    Redeclaring math symbol \Upsilon on input line 5.
LaTeX Font Info:    Redeclaring math symbol \Phi on input line 5.
LaTeX Font Info:    Redeclaring math symbol \Psi on input line 5.
LaTeX Font Info:    Redeclaring math symbol \Omega on input line 5.
LaTeX Font Info:    Redeclaring math symbol \mathdollar on input line 5.
LaTeX Font Info:    Redeclaring symbol font `operators' on input line 5.
LaTeX Font Info:    Encoding `OT1' has changed to `TU' for symbol font
(Font)              `operators' in the math version `normal' on input line 5.
LaTeX Font Info:    Overwriting symbol font `operators' in version `normal'
(Font)                  OT1/cmr/m/n --> TU/lmr/m/n on input line 5.
LaTeX Font Info:    Encoding `OT1' has changed to `TU' for symbol font
(Font)              `operators' in the math version `bold' on input line 5.
LaTeX Font Info:    Overwriting symbol font `operators' in version `bold'
(Font)                  OT1/cmr/bx/n --> TU/lmr/m/n on input line 5.
LaTeX Font Info:    Overwriting symbol font `operators' in version `normal'
(Font)                  TU/lmr/m/n --> TU/lmr/m/n on input line 5.
LaTeX Font Info:    Overwriting math alphabet `\mathit' in version `normal'
(Font)                  OT1/cmr/m/it --> TU/lmr/m/it on input line 5.
LaTeX Font Info:    Overwriting math alphabet `\mathbf' in version `normal'
(Font)                  OT1/cmr/bx/n --> TU/lmr/b/n on input line 5.
LaTeX Font Info:    Overwriting math alphabet `\mathsf' in version `normal'
(Font)                  OT1/cmss/m/n --> TU/lmss/m/n on input line 5.
LaTeX Font Info:    Overwriting math alphabet `\mathtt' in version `normal'
(Font)                  OT1/cmtt/m/n --> TU/lmtt/m/n on input line 5.
LaTeX Font Info:    Overwriting symbol font `operators' in version `bold'
(Font)                  TU/lmr/m/n --> TU/lmr/b/n on input line 5.
LaTeX Font Info:    Overwriting math alphabet `\mathit' in version `bold'
(Font)                  OT1/cmr/bx/it --> TU/lmr/b/it on input line 5.
LaTeX Font Info:    Overwriting math alphabet `\mathsf' in version `bold'
(Font)                  OT1/cmss/bx/n --> TU/lmss/b/n on input line 5.
LaTeX Font Info:    Overwriting math alphabet `\mathtt' in version `bold'
(Font)                  OT1/cmtt/m/n --> TU/lmtt/b/n on input line 5.
The property list \__xpg_alias contains the pairs (without outer braces):
>  {latex/target}  =>  {latex}
>  {english/target}  =>  {english}
>  {en/target}  =>  {english}
>  {en-AU/target}  =>  {english}
>  {en-AU/variant}  =>  {australian}
>  {en-AU/options}  =>  {variant=australian}
>  {en-CA/target}  =>  {english}
>  {en-CA/variant}  =>  {canadian}
>  {en-CA/options}  =>  {variant=canadian}
>  {en-GB/target}  =>  {english}
>  {en-GB/variant}  =>  {british}
>  {en-GB/options}  =>  {variant=british}
>  {en-NZ/target}  =>  {english}
>  {en-NZ/variant}  =>  {newzealand}
>  {en-NZ/options}  =>  {variant=newzealand}
>  {en-US/target}  =>  {english}
>  {en-US/variant}  =>  {us}
>  {en-US/options}  =>  {variant=us}
>  {american/target}  =>  {english}
>  {american/variant}  =>  {us}
>  {american/options}  =>  {variant=us}
>  {australian/target}  =>  {english}
>  {australian/variant}  =>  {australian}
>  {australian/options}  =>  {variant=australian}
>  {british/target}  =>  {english}
>  {british/variant}  =>  {british}
>  {british/options}  =>  {variant=british}
>  {canadian/target}  =>  {english}
>  {canadian/variant}  =>  {canadian}
>  {canadian/options}  =>  {variant=canadian}
>  {newzealand/target}  =>  {english}
>  {newzealand/variant}  =>  {newzealand}
>  {newzealand/options}  =>  {variant=newzealand}.
LaTeX Info: Redefining \rmfamily on input line 5.
LaTeX Info: Redefining \sffamily on input line 5.
LaTeX Info: Redefining \ttfamily on input line 5.
LaTeX Font Info:    Trying to load font information for U+msa on input line 21.


("C:/Program Files/MiKTeX/tex/latex/amsfonts/umsa.fd"
File: umsa.fd 2013/01/14 v3.01 AMS symbols A
)
LaTeX Font Info:    Trying to load font information for U+msb on input line 21.


("C:/Program Files/MiKTeX/tex/latex/amsfonts/umsb.fd"
File: umsb.fd 2013/01/14 v3.01 AMS symbols B
) [1

{C:/Users/R&D M.Mamdouh/AppData/Local/MiKTeX/fonts/map/pdftex/pdftex.map}]
The property list \polyglossia@langsetup contains the pairs (without outer
braces):
>  {latex/script}  =>  {latin}
>  {latex/lcscript}  =>  {latin}
>  {latex/scripttag}  =>  {}
>  {latex/language}  =>  {Latex}
>  {latex/langtag}  =>  {ENG}
>  {latex/bcp47}  =>  {en-US}
>  {latex/bcp47-language}  =>  {en}
>  {latex/bcp47-region}  =>  {US}
>  {latex/bcp47-script}  =>  {Latn}
>  {latex/bcp47-variant}  =>  {}
>  {latex/bcp47-extension-t}  =>  {}
>  {latex/bcp47-extension-u}  =>  {}
>  {latex/bcp47-extension-x}  =>  {}
>  {latex/bcp47-casing}  =>  {}
>  {latex/hyphennames}  =>  {english}
>  {latex/direction}  =>  {LR}
>  {latex/hyphenmins}  =>  {2,3}
>  {latex/frenchspacing}  =>  {false}
>  {latex/indentfirst}  =>  {false}
>  {latex/fontsetup}  =>  {true}
>  {latex/envname}  =>  {latex}
>  {latex/babelname}  =>  {latex}
>  {latex/localnumeral}  =>  {polyglossia@C@localnumeral}
>  {latex/Localnumeral}  =>  {polyglossia@C@localnumeral}
>  {latex/DefineCommandsCmd}  =>  {use_none:n}
>  {english/script}  =>  {latin}
>  {english/lcscript}  =>  {latin}
>  {english/scripttag}  =>  {}
>  {english/language}  =>  {English}
>  {english/langtag}  =>  {ENG}
>  {english/bcp47}  =>  {en-US}
>  {english/bcp47-language}  =>  {en}
>  {english/bcp47-region}  =>  {US}
>  {english/bcp47-script}  =>  {Latn}
>  {english/bcp47-variant}  =>  {}
>  {english/bcp47-extension-t}  =>  {}
>  {english/bcp47-extension-u}  =>  {}
>  {english/bcp47-extension-x}  =>  {}
>  {english/bcp47-casing}  =>  {}
>  {english/hyphennames}  =>  {english,american,usenglish,USenglish}
>  {english/direction}  =>  {LR}
>  {english/hyphenmins}  =>  {2,3}
>  {english/frenchspacing}  =>  {false}
>  {english/indentfirst}  =>  {false}
>  {english/fontsetup}  =>  {true}
>  {english/envname}  =>  {english}
>  {english/babelname}  =>  {american}
>  {english/localnumeral}  =>  {polyglossia@C@localnumeral}
>  {english/Localnumeral}  =>  {polyglossia@C@localnumeral}
>  {english/DefineCommandsCmd}  =>  {xpg_define_language_commands:e}.
The property list \__xpg_alias contains the pairs (without outer braces):
>  {latex/target}  =>  {latex}
>  {english/target}  =>  {english}
>  {en/target}  =>  {english}
>  {en-AU/target}  =>  {english}
>  {en-AU/variant}  =>  {australian}
>  {en-AU/options}  =>  {variant=australian}
>  {en-CA/target}  =>  {english}
>  {en-CA/variant}  =>  {canadian}
>  {en-CA/options}  =>  {variant=canadian}
>  {en-GB/target}  =>  {english}
>  {en-GB/variant}  =>  {british}
>  {en-GB/options}  =>  {variant=british}
>  {en-NZ/target}  =>  {english}
>  {en-NZ/variant}  =>  {newzealand}
>  {en-NZ/options}  =>  {variant=newzealand}
>  {en-US/target}  =>  {english}
>  {en-US/variant}  =>  {us}
>  {en-US/options}  =>  {variant=us}
>  {american/target}  =>  {english}
>  {american/variant}  =>  {us}
>  {american/options}  =>  {variant=us}
>  {australian/target}  =>  {english}
>  {australian/variant}  =>  {australian}
>  {australian/options}  =>  {variant=australian}
>  {british/target}  =>  {english}
>  {british/variant}  =>  {british}
>  {british/options}  =>  {variant=british}
>  {canadian/target}  =>  {english}
>  {canadian/variant}  =>  {canadian}
>  {canadian/options}  =>  {variant=canadian}
>  {newzealand/target}  =>  {english}
>  {newzealand/variant}  =>  {newzealand}
>  {newzealand/options}  =>  {variant=newzealand}.
 [2] (./CV_latex.aux)
 ***********
LaTeX2e <2023-06-01> patch level 1
L3 programming layer <2023-10-10>
 ***********
)

Here is how much of LuaTeX's memory you used:
 43076 strings out of 476835
 125189,1977958 words of node,token memory allocated
 1651 words of node memory still in use:
   30 hlist, 2 vlist, 14 rule, 2 glue, 4 kern, 1 glyph, 79 attribute, 128 glue_s
pec, 79 attribute_list, 2 write, 24 pdf_literal, 24 pdf_colorstack nodes
   avail lists: 2:7679,3:5059,4:404,5:242,6:121,7:6584,8:3,9:1290,10:5,11:419
 63372 multiletter control sequences out of 65536+600000
 45 fonts using 3324679 bytes
 106i,9n,104p,1010b,1575s stack positions out of 10000i,1000n,20000p,200000b,200000s
<C:/Users/R&D M.Mamdouh/AppData/Roaming/MiKTeX/fonts/opentype/public/fontawesome
5/FontAwesome5Brands-Regular-400.otf><//?/c:/program files/miktex/fonts/opentype
/public/lm/lmsans10-regular.otf><C:/Users/R&D M.Mamdouh/AppData/Roaming/MiKTeX/f
onts/opentype/public/fontawesome5/FontAwesome5Free-Solid-900.otf><//?/c:/program
 files/miktex/fonts/opentype/public/lm/lmsans10-bold.otf>
Output written on CV_latex.pdf (2 pages, 38879 bytes).

PDF statistics: 76 PDF objects out of 1000 (max. 8388607)
 0 named destinations out of 1000 (max. 131072)
 256 words of extra memory for PDF output out of 10000 (max. 100000000)

