This is LuaHBTeX, Version 1.21.0 (MiKTeX 25.3) (format=lualatex 2025.4.10)  24 AUG 2025 17:18
 system commands enabled.
**Muhammad_Hashim.tex rm Muhammad_Hashim.aux Muhammad_Hashim.log Muhammad_Hashi
m-inc.eps Muhammad_Hashim.tex Muhammad_Hashimconverted-to.pdf
(./Muhammad_Hashim.tex
LaTeX2e <2024-11-01> patch level 2
L3 programming layer <2025-01-18>
Lua module: luaotfload 2024-12-03 v3.29 Lua based OpenType font support
Lua module: lualibs 2023-07-13 v2.76 ConTeXt Lua standard libraries.
Lua module: lualibs-extended 2023-07-13 v2.76 ConTeXt Lua libraries -- extended 
collection.
luaotfload | conf : Root cache directory is "C:/Users/mhash/AppData/Local/MiKTeX
/luatex-cache/generic/names".
luaotfload | init : Loading fontloader "fontloader-2023-12-28.lua" from kpse-res
olved path "D:/Programs/MiKTeX/tex/luatex/luaotfload/fontloader-2023-12-28.lua".
Lua-only attribute luaotfload@noligature = 1
luaotfload | init : Context OpenType loader version 3.134
Inserting `luaotfload.node_processor' in `pre_linebreak_filter'.
Inserting `luaotfload.node_processor' in `hpack_filter'.
Inserting `luaotfload.glyph_stream' in `glyph_stream_provider'.
Inserting `luaotfload.define_font' in `define_font'.
Lua-only attribute luaotfload_color_attribute = 2
luaotfload | conf : Root cache directory is "C:/Users/mhash/AppData/Local/MiKTeX
/luatex-cache/generic/names".
Inserting `luaotfload.harf.strip_prefix' in `find_opentype_file'.
Inserting `luaotfload.harf.strip_prefix' in `find_truetype_file'.
Removing  `luaotfload.glyph_stream' from `glyph_stream_provider'.
Inserting `luaotfload.harf.glyphstream' in `glyph_stream_provider'.
Inserting `luaotfload.harf.finalize_vlist' in `post_linebreak_filter'.
Inserting `luaotfload.harf.finalize_hlist' in `hpack_filter'.
Inserting `luaotfload.cleanup_files' in `wrapup_run'.
Inserting `luaotfload.harf.finalize_unicode' in `finish_pdffile'.
Inserting `luaotfload.glyphinfo' in `glyph_info'.
Lua-only attribute luaotfload.letterspace_done = 3
Inserting `luaotfload.aux.set_sscale_dimens' in `luaotfload.patch_font'.
Inserting `luaotfload.aux.set_font_index' in `luaotfload.patch_font'.
Inserting `luaotfload.aux.patch_cambria_domh' in `luaotfload.patch_font'.
Inserting `luaotfload.aux.fixup_fontdata' in `luaotfload.patch_font_unsafe'.
Inserting `luaotfload.aux.set_capheight' in `luaotfload.patch_font'.
Inserting `luaotfload.aux.set_xheight' in `luaotfload.patch_font'.
Inserting `luaotfload.rewrite_fontname' in `luaotfload.patch_font'.
Inserting `tracingstacklevels' in `input_level_string'. (D:/Programs/MiKTeX/tex
/latex/extsizes/extarticle.cls
Document Class: extarticle 1996/10/08 v1.0 Non Standard LaTeX document class
(D:/Programs/MiKTeX/tex/latex/extsizes/size9.clo
File: size9.clo 1999/11/11 v1.4a NON-Standard LaTeX file (size option)
luaotfload | db : Font names database loaded from C:/Users/mhash/AppData/Local/M
iKTeX/luatex-cache/generic/names/luaotfload-names.luc.gz)
(D:/Programs/MiKTeX/tex/latex/base/exscale.sty
Package: exscale 2018/09/24 v2.1i Standard LaTeX package exscale
LaTeX Font Info:    Redeclaring symbol font `largesymbols' on input line 57.
LaTeX Font Info:    Overwriting symbol font `largesymbols' in version `normal'
(Font)                  OMX/cmex/m/n --> OMX/cmex/m/n on input line 57.
LaTeX Font Info:    Overwriting symbol font `largesymbols' in version `bold'
(Font)                  OMX/cmex/m/n --> OMX/cmex/m/n on input line 57.
\big@size=\dimen140
)
\c@part=\count194
\c@section=\count195
\c@subsection=\count196
\c@subsubsection=\count197
\c@paragraph=\count198
\c@subparagraph=\count199
\c@figure=\count266
\c@table=\count267
\abovecaptionskip=\skip49
\belowcaptionskip=\skip50
\bibindent=\dimen141
) (./packages.tex
(D:/Programs/MiKTeX/tex/latex/geometry/geometry.sty
Package: geometry 2020/01/02 v5.9 Page Geometry

(D:/Programs/MiKTeX/tex/latex/graphics/keyval.sty
Package: keyval 2022/05/29 v1.15 key=value parser (DPC)
\KV@toks@=\toks17
)
(D:/Programs/MiKTeX/tex/generic/iftex/ifvtex.sty
Package: ifvtex 2019/10/25 v1.7 ifvtex legacy package. Use iftex instead.

(D:/Programs/MiKTeX/tex/generic/iftex/iftex.sty
Package: iftex 2024/12/12 v1.0g TeX engine tests
))
\Gm@cnth=\count268
\Gm@cntv=\count269
\c@Gm@tempcnt=\count270
\Gm@bindingoffset=\dimen142
\Gm@wd@mp=\dimen143
\Gm@odd@mp=\dimen144
\Gm@even@mp=\dimen145
\Gm@layoutwidth=\dimen146
\Gm@layoutheight=\dimen147
\Gm@layouthoffset=\dimen148
\Gm@layoutvoffset=\dimen149
\Gm@dimlist=\toks18

(D:/Programs/MiKTeX/tex/latex/geometry/geometry.cfg))
(D:/Programs/MiKTeX/tex/latex/tcolorbox/tcolorbox.sty
Package: tcolorbox 2024/10/22 version 6.4.1 text color boxes

(D:/Programs/MiKTeX/tex/latex/pgf/frontendlayer/tikz.sty
(D:/Programs/MiKTeX/tex/latex/pgf/basiclayer/pgf.sty
(D:/Programs/MiKTeX/tex/latex/pgf/utilities/pgfrcs.sty
(D:/Programs/MiKTeX/tex/generic/pgf/utilities/pgfutil-common.tex
\pgfutil@everybye=\toks19
\pgfutil@tempdima=\dimen150
\pgfutil@tempdimb=\dimen151
)
(D:/Programs/MiKTeX/tex/generic/pgf/utilities/pgfutil-latex.def
\pgfutil@abb=\box52
)
(D:/Programs/MiKTeX/tex/generic/pgf/utilities/pgfrcs.code.tex
(D:/Programs/MiKTeX/tex/generic/pgf/pgf.revision.tex)
Package: pgfrcs 2023-01-15 v3.1.10 (3.1.10)
))
Package: pgf 2023-01-15 v3.1.10 (3.1.10)

(D:/Programs/MiKTeX/tex/latex/pgf/basiclayer/pgfcore.sty
(D:/Programs/MiKTeX/tex/latex/graphics/graphicx.sty
Package: graphicx 2021/09/16 v1.2d Enhanced LaTeX Graphics (DPC,SPQR)

(D:/Programs/MiKTeX/tex/latex/graphics/graphics.sty
Package: graphics 2024/08/06 v1.4g Standard LaTeX Graphics (DPC,SPQR)

(D:/Programs/MiKTeX/tex/latex/graphics/trig.sty
Package: trig 2023/12/02 v1.11 sin cos tan (DPC)
)
(D:/Programs/MiKTeX/tex/latex/graphics-cfg/graphics.cfg
File: graphics.cfg 2016/06/04 v1.11 sample graphics configuration
)
Package graphics Info: Driver file: luatex.def on input line 106.

(D:/Programs/MiKTeX/tex/latex/graphics-def/luatex.def
File: luatex.def 2024/04/13 v1.2e Graphics/color driver for luatex
))
\Gin@req@height=\dimen152
\Gin@req@width=\dimen153
)
(D:/Programs/MiKTeX/tex/latex/pgf/systemlayer/pgfsys.sty
(D:/Programs/MiKTeX/tex/generic/pgf/systemlayer/pgfsys.code.tex
Package: pgfsys 2023-01-15 v3.1.10 (3.1.10)

(D:/Programs/MiKTeX/tex/generic/pgf/utilities/pgfkeys.code.tex
\pgfkeys@pathtoks=\toks20
\pgfkeys@temptoks=\toks21

(D:/Programs/MiKTeX/tex/generic/pgf/utilities/pgfkeyslibraryfiltered.code.tex
\pgfkeys@tmptoks=\toks22
))
\pgf@x=\dimen154
\pgf@y=\dimen155
\pgf@xa=\dimen156
\pgf@ya=\dimen157
\pgf@xb=\dimen158
\pgf@yb=\dimen159
\pgf@xc=\dimen160
\pgf@yc=\dimen161
\pgf@xd=\dimen162
\pgf@yd=\dimen163
\w@pgf@writea=\write3
\r@pgf@reada=\read2
\c@pgf@counta=\count271
\c@pgf@countb=\count272
\c@pgf@countc=\count273
\c@pgf@countd=\count274
\t@pgf@toka=\toks23
\t@pgf@tokb=\toks24
\t@pgf@tokc=\toks25
\pgf@sys@id@count=\count275
(D:/Programs/MiKTeX/tex/generic/pgf/systemlayer/pgf.cfg
File: pgf.cfg 2023-01-15 v3.1.10 (3.1.10)
)
Driver file for pgf: pgfsys-luatex.def

(D:/Programs/MiKTeX/tex/generic/pgf/systemlayer/pgfsys-luatex.def
File: pgfsys-luatex.def 2023-01-15 v3.1.10 (3.1.10)

(D:/Programs/MiKTeX/tex/generic/pgf/systemlayer/pgfsys-common-pdf.def
File: pgfsys-common-pdf.def 2023-01-15 v3.1.10 (3.1.10)
)))
(D:/Programs/MiKTeX/tex/generic/pgf/systemlayer/pgfsyssoftpath.code.tex
File: pgfsyssoftpath.code.tex 2023-01-15 v3.1.10 (3.1.10)
\pgfsyssoftpath@smallbuffer@items=\count276
\pgfsyssoftpath@bigbuffer@items=\count277
)
(D:/Programs/MiKTeX/tex/generic/pgf/systemlayer/pgfsysprotocol.code.tex
File: pgfsysprotocol.code.tex 2023-01-15 v3.1.10 (3.1.10)
))
(D:/Programs/MiKTeX/tex/latex/xcolor/xcolor.sty
Package: xcolor 2024/09/29 v3.02 LaTeX color extensions (UK)

(D:/Programs/MiKTeX/tex/latex/graphics-cfg/color.cfg
File: color.cfg 2016/01/02 v1.6 sample color configuration
)
Package xcolor Info: Driver file: luatex.def on input line 274.

(D:/Programs/MiKTeX/tex/latex/graphics/mathcolor.ltx)
Package xcolor Info: Model `cmy' substituted by `cmy0' on input line 1349.
Package xcolor Info: Model `hsb' substituted by `rgb' on input line 1353.
Package xcolor Info: Model `RGB' extended on input line 1365.
Package xcolor Info: Model `HTML' substituted by `rgb' on input line 1367.
Package xcolor Info: Model `Hsb' substituted by `hsb' on input line 1368.
Package xcolor Info: Model `tHsb' substituted by `hsb' on input line 1369.
Package xcolor Info: Model `HSB' substituted by `hsb' on input line 1370.
Package xcolor Info: Model `Gray' substituted by `gray' on input line 1371.
Package xcolor Info: Model `wave' substituted by `hsb' on input line 1372.
)
(D:/Programs/MiKTeX/tex/generic/pgf/basiclayer/pgfcore.code.tex
Package: pgfcore 2023-01-15 v3.1.10 (3.1.10)

(D:/Programs/MiKTeX/tex/generic/pgf/math/pgfmath.code.tex
(D:/Programs/MiKTeX/tex/generic/pgf/math/pgfmathutil.code.tex)
(D:/Programs/MiKTeX/tex/generic/pgf/math/pgfmathparser.code.tex
\pgfmath@dimen=\dimen164
\pgfmath@count=\count278
\pgfmath@box=\box53
\pgfmath@toks=\toks26
\pgfmath@stack@operand=\toks27
\pgfmath@stack@operation=\toks28
)
(D:/Programs/MiKTeX/tex/generic/pgf/math/pgfmathfunctions.code.tex)
(D:/Programs/MiKTeX/tex/generic/pgf/math/pgfmathfunctions.basic.code.tex)
(D:/Programs/MiKTeX/tex/generic/pgf/math/pgfmathfunctions.trigonometric.code.te
x) (D:/Programs/MiKTeX/tex/generic/pgf/math/pgfmathfunctions.random.code.tex)
(D:/Programs/MiKTeX/tex/generic/pgf/math/pgfmathfunctions.comparison.code.tex)
(D:/Programs/MiKTeX/tex/generic/pgf/math/pgfmathfunctions.base.code.tex)
(D:/Programs/MiKTeX/tex/generic/pgf/math/pgfmathfunctions.round.code.tex)
(D:/Programs/MiKTeX/tex/generic/pgf/math/pgfmathfunctions.misc.code.tex)
(D:/Programs/MiKTeX/tex/generic/pgf/math/pgfmathfunctions.integerarithmetics.co
de.tex) (D:/Programs/MiKTeX/tex/generic/pgf/math/pgfmathcalc.code.tex)
(D:/Programs/MiKTeX/tex/generic/pgf/math/pgfmathfloat.code.tex
\c@pgfmathroundto@lastzeros=\count279
))
(D:/Programs/MiKTeX/tex/generic/pgf/math/pgfint.code.tex)
(D:/Programs/MiKTeX/tex/generic/pgf/basiclayer/pgfcorepoints.code.tex
File: pgfcorepoints.code.tex 2023-01-15 v3.1.10 (3.1.10)
\pgf@picminx=\dimen165
\pgf@picmaxx=\dimen166
\pgf@picminy=\dimen167
\pgf@picmaxy=\dimen168
\pgf@pathminx=\dimen169
\pgf@pathmaxx=\dimen170
\pgf@pathminy=\dimen171
\pgf@pathmaxy=\dimen172
\pgf@xx=\dimen173
\pgf@xy=\dimen174
\pgf@yx=\dimen175
\pgf@yy=\dimen176
\pgf@zx=\dimen177
\pgf@zy=\dimen178
)
(D:/Programs/MiKTeX/tex/generic/pgf/basiclayer/pgfcorepathconstruct.code.tex
File: pgfcorepathconstruct.code.tex 2023-01-15 v3.1.10 (3.1.10)
\pgf@path@lastx=\dimen179
\pgf@path@lasty=\dimen180
)
(D:/Programs/MiKTeX/tex/generic/pgf/basiclayer/pgfcorepathusage.code.tex
File: pgfcorepathusage.code.tex 2023-01-15 v3.1.10 (3.1.10)
\pgf@shorten@end@additional=\dimen181
\pgf@shorten@start@additional=\dimen182
)
(D:/Programs/MiKTeX/tex/generic/pgf/basiclayer/pgfcorescopes.code.tex
File: pgfcorescopes.code.tex 2023-01-15 v3.1.10 (3.1.10)
\pgfpic=\box54
\pgf@hbox=\box55
\pgf@layerbox@main=\box56
\pgf@picture@serial@count=\count280
)
(D:/Programs/MiKTeX/tex/generic/pgf/basiclayer/pgfcoregraphicstate.code.tex
File: pgfcoregraphicstate.code.tex 2023-01-15 v3.1.10 (3.1.10)
\pgflinewidth=\dimen183
)
(D:/Programs/MiKTeX/tex/generic/pgf/basiclayer/pgfcoretransformations.code.tex
File: pgfcoretransformations.code.tex 2023-01-15 v3.1.10 (3.1.10)
\pgf@pt@x=\dimen184
\pgf@pt@y=\dimen185
\pgf@pt@temp=\dimen186
) (D:/Programs/MiKTeX/tex/generic/pgf/basiclayer/pgfcorequick.code.tex
File: pgfcorequick.code.tex 2023-01-15 v3.1.10 (3.1.10)
)
(D:/Programs/MiKTeX/tex/generic/pgf/basiclayer/pgfcoreobjects.code.tex
File: pgfcoreobjects.code.tex 2023-01-15 v3.1.10 (3.1.10)
)
(D:/Programs/MiKTeX/tex/generic/pgf/basiclayer/pgfcorepathprocessing.code.tex
File: pgfcorepathprocessing.code.tex 2023-01-15 v3.1.10 (3.1.10)
)
(D:/Programs/MiKTeX/tex/generic/pgf/basiclayer/pgfcorearrows.code.tex
File: pgfcorearrows.code.tex 2023-01-15 v3.1.10 (3.1.10)
\pgfarrowsep=\dimen187
)
(D:/Programs/MiKTeX/tex/generic/pgf/basiclayer/pgfcoreshade.code.tex
File: pgfcoreshade.code.tex 2023-01-15 v3.1.10 (3.1.10)
\pgf@max=\dimen188
\pgf@sys@shading@range@num=\count281
\pgf@shadingcount=\count282
)
(D:/Programs/MiKTeX/tex/generic/pgf/basiclayer/pgfcoreimage.code.tex
File: pgfcoreimage.code.tex 2023-01-15 v3.1.10 (3.1.10)
)
(D:/Programs/MiKTeX/tex/generic/pgf/basiclayer/pgfcoreexternal.code.tex
File: pgfcoreexternal.code.tex 2023-01-15 v3.1.10 (3.1.10)
\pgfexternal@startupbox=\box57
)
(D:/Programs/MiKTeX/tex/generic/pgf/basiclayer/pgfcorelayers.code.tex
File: pgfcorelayers.code.tex 2023-01-15 v3.1.10 (3.1.10)
)
(D:/Programs/MiKTeX/tex/generic/pgf/basiclayer/pgfcoretransparency.code.tex
File: pgfcoretransparency.code.tex 2023-01-15 v3.1.10 (3.1.10)
)
(D:/Programs/MiKTeX/tex/generic/pgf/basiclayer/pgfcorepatterns.code.tex
File: pgfcorepatterns.code.tex 2023-01-15 v3.1.10 (3.1.10)
)
(D:/Programs/MiKTeX/tex/generic/pgf/basiclayer/pgfcorerdf.code.tex
File: pgfcorerdf.code.tex 2023-01-15 v3.1.10 (3.1.10)
)))
(D:/Programs/MiKTeX/tex/generic/pgf/modules/pgfmoduleshapes.code.tex
File: pgfmoduleshapes.code.tex 2023-01-15 v3.1.10 (3.1.10)
\pgfnodeparttextbox=\box58
)
(D:/Programs/MiKTeX/tex/generic/pgf/modules/pgfmoduleplot.code.tex
File: pgfmoduleplot.code.tex 2023-01-15 v3.1.10 (3.1.10)
)
(D:/Programs/MiKTeX/tex/latex/pgf/compatibility/pgfcomp-version-0-65.sty
Package: pgfcomp-version-0-65 2023-01-15 v3.1.10 (3.1.10)
\pgf@nodesepstart=\dimen189
\pgf@nodesepend=\dimen190
)
(D:/Programs/MiKTeX/tex/latex/pgf/compatibility/pgfcomp-version-1-18.sty
Package: pgfcomp-version-1-18 2023-01-15 v3.1.10 (3.1.10)
))
(D:/Programs/MiKTeX/tex/latex/pgf/utilities/pgffor.sty
(D:/Programs/MiKTeX/tex/latex/pgf/utilities/pgfkeys.sty
(D:/Programs/MiKTeX/tex/generic/pgf/utilities/pgfkeys.code.tex))
(D:/Programs/MiKTeX/tex/latex/pgf/math/pgfmath.sty
(D:/Programs/MiKTeX/tex/generic/pgf/math/pgfmath.code.tex))
(D:/Programs/MiKTeX/tex/generic/pgf/utilities/pgffor.code.tex
Package: pgffor 2023-01-15 v3.1.10 (3.1.10)
\pgffor@iter=\dimen191
\pgffor@skip=\dimen192
\pgffor@stack=\toks29
\pgffor@toks=\toks30
))
(D:/Programs/MiKTeX/tex/generic/pgf/frontendlayer/tikz/tikz.code.tex
Package: tikz 2023-01-15 v3.1.10 (3.1.10)

(D:/Programs/MiKTeX/tex/generic/pgf/libraries/pgflibraryplothandlers.code.tex
File: pgflibraryplothandlers.code.tex 2023-01-15 v3.1.10 (3.1.10)
\pgf@plot@mark@count=\count283
\pgfplotmarksize=\dimen193
)
\tikz@lastx=\dimen194
\tikz@lasty=\dimen195
\tikz@lastxsaved=\dimen196
\tikz@lastysaved=\dimen197
\tikz@lastmovetox=\dimen198
\tikz@lastmovetoy=\dimen199
\tikzleveldistance=\dimen256
\tikzsiblingdistance=\dimen257
\tikz@figbox=\box59
\tikz@figbox@bg=\box60
\tikz@tempbox=\box61
\tikz@tempbox@bg=\box62
\tikztreelevel=\count284
\tikznumberofchildren=\count285
\tikznumberofcurrentchild=\count286
\tikz@fig@count=\count287

(D:/Programs/MiKTeX/tex/generic/pgf/modules/pgfmodulematrix.code.tex
File: pgfmodulematrix.code.tex 2023-01-15 v3.1.10 (3.1.10)
\pgfmatrixcurrentrow=\count288
\pgfmatrixcurrentcolumn=\count289
\pgf@matrix@numberofcolumns=\count290
)
\tikz@expandcount=\count291

(D:/Programs/MiKTeX/tex/generic/pgf/frontendlayer/tikz/libraries/tikzlibrarytop
aths.code.tex
File: tikzlibrarytopaths.code.tex 2023-01-15 v3.1.10 (3.1.10)
))) (D:/Programs/MiKTeX/tex/latex/tools/verbatim.sty
Package: verbatim 2024-01-22 v1.5x LaTeX2e package for verbatim enhancements
\every@verbatim=\toks31
\verbatim@line=\toks32
\verbatim@in@stream=\read3
)
(D:/Programs/MiKTeX/tex/latex/environ/environ.sty
Package: environ 2014/05/04 v0.3 A new way to define environments

(D:/Programs/MiKTeX/tex/latex/trimspaces/trimspaces.sty
Package: trimspaces 2009/09/17 v1.1 Trim spaces around a token list
)
\@envbody=\toks33
)
(D:/Programs/MiKTeX/tex/latex/etoolbox/etoolbox.sty
Package: etoolbox 2025/02/11 v2.5l e-TeX tools for LaTeX (JAW)
\etb@tempcnta=\count292
)
\tcb@titlebox=\box63
\tcb@upperbox=\box64
\tcb@lowerbox=\box65
\tcb@phantombox=\box66
\c@tcbbreakpart=\count293
\c@tcblayer=\count294
\c@tcolorbox@number=\count295
\l__tcobox_tmpa_box=\box67
\l__tcobox_tmpa_dim=\dimen258
\tcb@temp=\box68
\tcb@temp=\box69
\tcb@temp=\box70
\tcb@temp=\box71

(D:/Programs/MiKTeX/tex/latex/tcolorbox/tcbbreakable.code.tex
Library (tcolorbox): 'tcbbreakable.code.tex' version '6.4.1'
(D:/Programs/MiKTeX/tex/latex/pdfcol/pdfcol.sty
Package: pdfcol 2022-09-21 v1.7 Handle new color stacks for pdfTeX (HO)

(D:/Programs/MiKTeX/tex/generic/ltxcmds/ltxcmds.sty
Package: ltxcmds 2023-12-04 v1.26 LaTeX kernel commands for general use (HO)
)
(D:/Programs/MiKTeX/tex/generic/infwarerr/infwarerr.sty
Package: infwarerr 2019/12/03 v1.5 Providing info/warning/error messages (HO)
))
Package pdfcol Info: New color stack `tcb@breakable' = 1 on input line 23.
\tcb@testbox=\box72
\tcb@totalupperbox=\box73
\tcb@totallowerbox=\box74

(D:/Programs/MiKTeX/tex/generic/iftex/ifluatex.sty
Package: ifluatex 2019/10/25 v1.5 ifluatex legacy package. Use iftex instead.
))
(D:/Programs/MiKTeX/tex/latex/tcolorbox/tcbexternal.code.tex
Library (tcolorbox): 'tcbexternal.code.tex' version '6.4.1'
(D:/Programs/MiKTeX/tex/latex/tcolorbox/tcbprocessing.code.tex
Library (tcolorbox): 'tcbprocessing.code.tex' version '6.4.1'
)) (D:/Programs/MiKTeX/tex/latex/tcolorbox/tcbfitting.code.tex
Library (tcolorbox): 'tcbfitting.code.tex' version '6.4.1'
\tcbfitdim=\dimen259
\tcb@lowerfitdim=\dimen260
\tcb@upperfitdim=\dimen261
\tcb@cur@hbadness=\count296
) (D:/Programs/MiKTeX/tex/latex/tcolorbox/tcbhooks.code.tex
Library (tcolorbox): 'tcbhooks.code.tex' version '6.4.1'
) (D:/Programs/MiKTeX/tex/latex/tcolorbox/tcbmagazine.code.tex
Library (tcolorbox): 'tcbmagazine.code.tex' version '6.4.1'
) (D:/Programs/MiKTeX/tex/latex/tcolorbox/tcbposter.code.tex
Library (tcolorbox): 'tcbposter.code.tex' version '6.4.1'
(D:/Programs/MiKTeX/tex/latex/tcolorbox/tcbskins.code.tex
Library (tcolorbox): 'tcbskins.code.tex' version '6.4.1'
(D:/Programs/MiKTeX/tex/latex/tikzfill/tikzfill.image.sty
Package: tikzfill.image 2023/08/08 v1.0.1 Image filling library for TikZ

(D:/Programs/MiKTeX/tex/latex/tikzfill/tikzfill-common.sty
Package: tikzfill-common 2023/08/08 v1.0.1 Auxiliary code for tikzfill
)
(D:/Programs/MiKTeX/tex/latex/tikzfill/tikzlibraryfill.image.code.tex
File: tikzlibraryfill.image.code.tex 2023/08/08 v1.0.1 Image filling library
\l__tikzfill_img_box=\box75
))
(D:/Programs/MiKTeX/tex/latex/tcolorbox/tcbskinsjigsaw.code.tex
Library (tcolorbox): 'tcbskinsjigsaw.code.tex' version '6.4.1'
))) (D:/Programs/MiKTeX/tex/latex/tcolorbox/tcbraster.code.tex
Library (tcolorbox): 'tcbraster.code.tex' version '6.4.1'
\c@tcbrastercolumn=\count297
\c@tcbrasterrow=\count298
\c@tcbrasternum=\count299
\c@tcbraster=\count300
) (D:/Programs/MiKTeX/tex/latex/tcolorbox/tcbtheorems.code.tex
Library (tcolorbox): 'tcbtheorems.code.tex' version '6.4.1'
(D:/Programs/MiKTeX/tex/latex/amsmath/amsmath.sty
Package: amsmath 2024/11/05 v2.17t AMS math features
\@mathmargin=\skip51

For additional information on amsmath, use the `?' option.
(D:/Programs/MiKTeX/tex/latex/amsmath/amstext.sty
Package: amstext 2021/08/26 v2.01 AMS text

(D:/Programs/MiKTeX/tex/latex/amsmath/amsgen.sty
File: amsgen.sty 1999/11/30 v2.0 generic functions
\@emptytoks=\toks34
\ex@=\dimen262
))
(D:/Programs/MiKTeX/tex/latex/amsmath/amsbsy.sty
Package: amsbsy 1999/11/29 v1.2d Bold Symbols
\pmbraise@=\dimen263
)
(D:/Programs/MiKTeX/tex/latex/amsmath/amsopn.sty
Package: amsopn 2022/04/08 v2.04 operator names
)
\inf@bad=\count301
LaTeX Info: Redefining \frac on input line 235.
\uproot@=\count302
\leftroot@=\count303
LaTeX Info: Redefining \overline on input line 398.
LaTeX Info: Redefining \colon on input line 409.
\classnum@=\count304
\DOTSCASE@=\count305
LaTeX Info: Redefining \ldots on input line 495.
LaTeX Info: Redefining \dots on input line 498.
LaTeX Info: Redefining \cdots on input line 619.
\Mathstrutbox@=\box76
\strutbox@=\box77
LaTeX Info: Redefining \big on input line 721.
LaTeX Info: Redefining \Big on input line 722.
LaTeX Info: Redefining \bigg on input line 723.
LaTeX Info: Redefining \Bigg on input line 724.
\big@size=\dimen264
LaTeX Font Info:    Redeclaring font encoding OML on input line 742.
LaTeX Font Info:    Redeclaring font encoding OMS on input line 743.
\macc@depth=\count306
LaTeX Info: Redefining \bmod on input line 904.
LaTeX Info: Redefining \pmod on input line 909.
LaTeX Info: Redefining \smash on input line 939.
LaTeX Info: Redefining \relbar on input line 969.
LaTeX Info: Redefining \Relbar on input line 970.
\c@MaxMatrixCols=\count307
\dotsspace@=\muskip17
\c@parentequation=\count308
\dspbrk@lvl=\count309
\tag@help=\toks35
\row@=\count310
\column@=\count311
\maxfields@=\count312
\andhelp@=\toks36
\eqnshift@=\dimen265
\alignsep@=\dimen266
\tagshift@=\dimen267
\tagwidth@=\dimen268
\totwidth@=\dimen269
\lineht@=\dimen270
\@envbody=\toks37
\multlinegap=\skip52
\multlinetaggap=\skip53
\mathdisplay@stack=\toks38
LaTeX Info: Redefining \[ on input line 2953.
LaTeX Info: Redefining \] on input line 2954.
))
(D:/Programs/MiKTeX/tex/latex/tcolorbox/tcbvignette.code.tex
Library (tcolorbox): 'tcbvignette.code.tex' version '6.4.1'

(D:/Programs/MiKTeX/tex/generic/pgf/frontendlayer/tikz/libraries/tikzlibraryfad
ings.code.tex
File: tikzlibraryfadings.code.tex 2023-01-15 v3.1.10 (3.1.10)

(D:/Programs/MiKTeX/tex/generic/pgf/libraries/pgflibraryfadings.code.tex
File: pgflibraryfadings.code.tex 2023-01-15 v3.1.10 (3.1.10)
)))
(D:/Programs/MiKTeX/tex/latex/tcolorbox/tcbxparse.code.tex
Library (tcolorbox): 'tcbxparse.code.tex' version '6.4.1'
(D:/Programs/MiKTeX/tex/latex/l3packages/xparse/xparse.sty
(D:/Programs/MiKTeX/tex/latex/l3kernel/expl3.sty
Package: expl3 2025-01-18 L3 programming layer (loader) 

(D:/Programs/MiKTeX/tex/latex/l3backend/l3backend-luatex.def
File: l3backend-luatex.def 2024-05-08 L3 backend support: PDF output (LuaTeX)
\l__color_backend_stack_int=\count313
Inserting `l3color' in `luaotfload.parse_color'.
\l__pdf_internal_box=\box78
))
Package: xparse 2024-08-16 L3 Experimental document command parser
))
(D:/Programs/MiKTeX/tex/latex/tcolorbox/tcblistings.code.tex
Library (tcolorbox): 'tcblistings.code.tex' version '6.4.1'
(D:/Programs/MiKTeX/tex/latex/listings/listings.sty
\lst@mode=\count314
\lst@gtempboxa=\box79
\lst@token=\toks39
\lst@length=\count315
\lst@currlwidth=\dimen271
\lst@column=\count316
\lst@pos=\count317
\lst@lostspace=\dimen272
\lst@width=\dimen273
\lst@newlines=\count318
\lst@lineno=\count319
\lst@maxwidth=\dimen274

(D:/Programs/MiKTeX/tex/latex/listings/lstpatch.sty
File: lstpatch.sty 2024/09/23 1.10c (Carsten Heinz)
)
(D:/Programs/MiKTeX/tex/latex/listings/lstmisc.sty
File: lstmisc.sty 2024/09/23 1.10c (Carsten Heinz)
\c@lstnumber=\count320
\lst@skipnumbers=\count321
\lst@framebox=\box80
)
(D:/Programs/MiKTeX/tex/latex/listings/listings.cfg
File: listings.cfg 2024/09/23 1.10c listings configuration
))
Package: listings 2024/09/23 1.10c (Carsten Heinz)

(D:/Programs/MiKTeX/tex/latex/tcolorbox/tcblistingscore.code.tex
Library (tcolorbox): 'tcblistingscore.code.tex' version '6.4.1'
\c@tcblisting=\count322
))) (D:/Programs/MiKTeX/tex/latex/tools/multicol.sty
Package: multicol 2024/09/14 v1.9i multicolumn formatting (FMi)
\c@tracingmulticols=\count323
\mult@box=\box81
\multicol@leftmargin=\dimen275
\c@unbalance=\count324
\c@collectmore=\count325
\doublecol@number=\count326
\multicoltolerance=\count327
\multicolpretolerance=\count328
\full@width=\dimen276
\page@free=\dimen277
\premulticols=\dimen278
\postmulticols=\dimen279
\multicolsep=\skip54
\multicolbaselineskip=\skip55
\partial@page=\box82
\last@line=\box83
\mc@boxedresult=\box84
\maxbalancingoverflow=\dimen280
\mult@rightbox=\box85
\mult@grightbox=\box86
\mult@firstbox=\box87
\mult@gfirstbox=\box88
\@tempa=\box89
\@tempa=\box90
\@tempa=\box91
\@tempa=\box92
\@tempa=\box93
\@tempa=\box94
\@tempa=\box95
\@tempa=\box96
\@tempa=\box97
\@tempa=\box98
\@tempa=\box99
\@tempa=\box100
\@tempa=\box101
\@tempa=\box102
\@tempa=\box103
\@tempa=\box104
\@tempa=\box105
\@tempa=\box106
\@tempa=\box107
\@tempa=\box108
\@tempa=\box109
\@tempa=\box110
\@tempa=\box111
\@tempa=\box112
\@tempa=\box113
\@tempa=\box114
\@tempa=\box115
\@tempa=\box116
\@tempa=\box117
\@tempa=\box118
\@tempa=\box119
\@tempa=\box120
\@tempa=\box121
\@tempa=\box122
\@tempa=\box123
\@tempa=\box124
\c@minrows=\count329
\c@columnbadness=\count330
\c@finalcolumnbadness=\count331
\last@try=\dimen281
\multicolovershoot=\dimen282
\multicolundershoot=\dimen283
\mult@nat@firstbox=\box125
\colbreak@box=\box126
\mc@col@check@num=\count332
)
(D:/Programs/MiKTeX/tex/latex/varwidth/varwidth.sty
Package: varwidth 2009/03/30 ver 0.92;  Variable-width minipages
\@vwid@box=\box127
\sift@deathcycles=\count333
\@vwid@loff=\dimen284
\@vwid@roff=\dimen285
)
(D:/Programs/MiKTeX/tex/latex/steinmetz/steinmetz.sty
Package: steinmetz 2009/06/14 v1.0 Steinmetz symbol for electrotechnics

(D:/Programs/MiKTeX/tex/latex/pict2e/pict2e.sty
Package: pict2e 2020/09/30 v0.4b Improved picture commands (HjG,RN,JT)

(D:/Programs/MiKTeX/tex/latex/pict2e/pict2e.cfg
File: pict2e.cfg 2016/02/05 v0.1u pict2e configuration for teTeX/TeXLive
)
Package pict2e Info: Driver file: luatex.def on input line 112.
Package pict2e Info: Driver file for pict2e: p2e-luatex.def on input line 114.

(D:/Programs/MiKTeX/tex/latex/pict2e/p2e-luatex.def
File: p2e-luatex.def 2016/02/05 v0.1u Driver-dependant file (RN,HjG,JT)
)
\pIIe@GRAPH=\toks40
\@arclen=\dimen286
\@arcrad=\dimen287
\pIIe@tempdima=\dimen288
\pIIe@tempdimb=\dimen289
\pIIe@tempdimc=\dimen290
\pIIe@tempdimd=\dimen291
\pIIe@tempdime=\dimen292
\pIIe@tempdimf=\dimen293
)
\stm@phasebox=\box128
\stm@phasedp=\skip56
\stm@phaseht=\skip57
\stm@phasetot=\skip58
\stm@phasewd=\skip59
)
(D:/Programs/MiKTeX/tex/latex/tocbibind/tocbibind.sty
Package: tocbibind 2010/10/13 v1.5k extra ToC listings
Package tocbibind Info: The document has section divisions on input line 50.


Package tocbibind Note: Using section or other style headings.

) (D:/Programs/MiKTeX/tex/latex/cellspace/cellspace.sty
Package: cellspace 2022/01/04 v1.9.0 Spacing table cells (JN)

(D:/Programs/MiKTeX/tex/latex/base/ifthen.sty
Package: ifthen 2024/03/16 v1.1e Standard LaTeX ifthen package (DPC)
)
(D:/Programs/MiKTeX/tex/latex/tools/array.sty
Package: array 2024/10/17 v2.6g Tabular extension package (FMi)
\col@sep=\dimen294
\ar@mcellbox=\box129
\extrarowheight=\dimen295
\NC@list=\toks41
\extratabsurround=\skip60
\backup@length=\skip61
\ar@cellbox=\box130
)
(D:/Programs/MiKTeX/tex/latex/tools/calc.sty
Package: calc 2023/07/08 v4.3 Infix arithmetic (KKT,FJ)
\calc@Acount=\count334
\calc@Bcount=\count335
\calc@Adimen=\dimen296
\calc@Bdimen=\dimen297
\calc@Askip=\skip62
\calc@Bskip=\skip63
LaTeX Info: Redefining \setlength on input line 80.
LaTeX Info: Redefining \addtolength on input line 81.
\calc@Ccount=\count336
\calc@Cskip=\skip64
)
(D:/Programs/MiKTeX/tex/latex/xkeyval/xkeyval.sty
Package: xkeyval 2022/06/16 v2.9 package option processing (HA)

(D:/Programs/MiKTeX/tex/generic/xkeyval/xkeyval.tex
(D:/Programs/MiKTeX/tex/generic/xkeyval/xkvutils.tex
\XKV@toks=\toks42
\XKV@tempa@toks=\toks43
)
\XKV@depth=\count337
File: xkeyval.tex 2014/12/03 v2.7a key=value parser (HA)
))
\cellspacetoplimit=\dimen298
\cellspacebottomlimit=\dimen299
\cellspace@firstht=\dimen300
\cellspace@lastdp=\dimen301
)
(D:/Programs/MiKTeX/tex/latex/tools/hhline.sty
Package: hhline 2020/01/04 v2.04 Table rule package (DPC)
)
(D:/Programs/MiKTeX/tex/latex/tools/tabularx.sty
Package: tabularx 2023/12/11 v2.12a `tabularx' package (DPC)
\TX@col@width=\dimen302
\TX@old@table=\dimen303
\TX@old@col=\dimen304
\TX@target=\dimen305
\TX@delta=\dimen306
\TX@cols=\count338
\TX@ftn=\toks44
)
(D:/Programs/MiKTeX/tex/latex/mdframed/mdframed.sty
Package: mdframed 2013/07/01 1.9b: mdframed

(D:/Programs/MiKTeX/tex/latex/kvoptions/kvoptions.sty
Package: kvoptions 2022-06-15 v3.15 Key value format for package options (HO)

(D:/Programs/MiKTeX/tex/latex/kvsetkeys/kvsetkeys.sty
Package: kvsetkeys 2022-10-05 v1.19 Key value parser (HO)
))
(D:/Programs/MiKTeX/tex/latex/zref/zref-abspage.sty
Package: zref-abspage 2023-09-14 v2.35 Module abspage for zref (HO)

(D:/Programs/MiKTeX/tex/latex/zref/zref-base.sty
Package: zref-base 2023-09-14 v2.35 Module base for zref (HO)

(D:/Programs/MiKTeX/tex/generic/kvdefinekeys/kvdefinekeys.sty
Package: kvdefinekeys 2019-12-19 v1.6 Define keys (HO)
)
(D:/Programs/MiKTeX/tex/generic/pdftexcmds/pdftexcmds.sty
Package: pdftexcmds 2020-06-27 v0.33 Utility functions of pdfTeX for LuaTeX (HO
)
Package pdftexcmds Info: \pdf@primitive is available.
Package pdftexcmds Info: \pdf@ifprimitive is available.
Package pdftexcmds Info: \pdfdraftmode found.
\pdftexcmds@toks=\toks45
)
(D:/Programs/MiKTeX/tex/generic/etexcmds/etexcmds.sty
Package: etexcmds 2019/12/15 v1.7 Avoid name clashes with e-TeX commands (HO)
)
(D:/Programs/MiKTeX/tex/latex/auxhook/auxhook.sty
Package: auxhook 2019-12-17 v1.6 Hooks for auxiliary files (HO)
)
Package zref Info: New property list: main on input line 767.
Package zref Info: New property: default on input line 768.
Package zref Info: New property: page on input line 769.
)
\c@abspage=\count339
Package zref Info: New property: abspage on input line 67.
)
(D:/Programs/MiKTeX/tex/latex/needspace/needspace.sty
Package: needspace 2025/03/13 v1.3e reserve vertical space
)
\mdf@templength=\skip65
\c@mdf@globalstyle@cnt=\count340
\mdf@skipabove@length=\skip66
\mdf@skipbelow@length=\skip67
\mdf@leftmargin@length=\skip68
\mdf@rightmargin@length=\skip69
\mdf@innerleftmargin@length=\skip70
\mdf@innerrightmargin@length=\skip71
\mdf@innertopmargin@length=\skip72
\mdf@innerbottommargin@length=\skip73
\mdf@splittopskip@length=\skip74
\mdf@splitbottomskip@length=\skip75
\mdf@outermargin@length=\skip76
\mdf@innermargin@length=\skip77
\mdf@linewidth@length=\skip78
\mdf@innerlinewidth@length=\skip79
\mdf@middlelinewidth@length=\skip80
\mdf@outerlinewidth@length=\skip81
\mdf@roundcorner@length=\skip82
\mdf@footenotedistance@length=\skip83
\mdf@userdefinedwidth@length=\skip84
\mdf@needspace@length=\skip85
\mdf@frametitleaboveskip@length=\skip86
\mdf@frametitlebelowskip@length=\skip87
\mdf@frametitlerulewidth@length=\skip88
\mdf@frametitleleftmargin@length=\skip89
\mdf@frametitlerightmargin@length=\skip90
\mdf@shadowsize@length=\skip91
\mdf@extratopheight@length=\skip92
\mdf@subtitleabovelinewidth@length=\skip93
\mdf@subtitlebelowlinewidth@length=\skip94
\mdf@subtitleaboveskip@length=\skip95
\mdf@subtitlebelowskip@length=\skip96
\mdf@subtitleinneraboveskip@length=\skip97
\mdf@subtitleinnerbelowskip@length=\skip98
\mdf@subsubtitleabovelinewidth@length=\skip99
\mdf@subsubtitlebelowlinewidth@length=\skip100
\mdf@subsubtitleaboveskip@length=\skip101
\mdf@subsubtitlebelowskip@length=\skip102
\mdf@subsubtitleinneraboveskip@length=\skip103
\mdf@subsubtitleinnerbelowskip@length=\skip104

(D:/Programs/MiKTeX/tex/latex/mdframed/md-frame-0.mdf
File: md-frame-0.mdf 2013/07/01\ 1.9b: md-frame-0
)
\mdf@frametitlebox=\box131
\mdf@footnotebox=\box132
\mdf@splitbox@one=\box133
\mdf@splitbox@two=\box134
\mdf@splitbox@save=\box135
\mdfsplitboxwidth=\skip105
\mdfsplitboxtotalwidth=\skip106
\mdfsplitboxheight=\skip107
\mdfsplitboxdepth=\skip108
\mdfsplitboxtotalheight=\skip109
\mdfframetitleboxwidth=\skip110
\mdfframetitleboxtotalwidth=\skip111
\mdfframetitleboxheight=\skip112
\mdfframetitleboxdepth=\skip113
\mdfframetitleboxtotalheight=\skip114
\mdffootnoteboxwidth=\skip115
\mdffootnoteboxtotalwidth=\skip116
\mdffootnoteboxheight=\skip117
\mdffootnoteboxdepth=\skip118
\mdffootnoteboxtotalheight=\skip119
\mdftotallinewidth=\skip120
\mdfboundingboxwidth=\skip121
\mdfboundingboxtotalwidth=\skip122
\mdfboundingboxheight=\skip123
\mdfboundingboxdepth=\skip124
\mdfboundingboxtotalheight=\skip125
\mdf@freevspace@length=\skip126
\mdf@horizontalwidthofbox@length=\skip127
\mdf@verticalmarginwhole@length=\skip128
\mdf@horizontalspaceofbox=\skip129
\mdfsubtitleheight=\skip130
\mdfsubsubtitleheight=\skip131
\c@mdfcountframes=\count341

****** mdframed patching \endmdf@trivlist

****** -- success******

\mdf@envdepth=\count342
\c@mdf@env@i=\count343
\c@mdf@env@ii=\count344
\c@mdf@zref@counter=\count345
Package zref Info: New property: mdf@pagevalue on input line 895.
)
(D:/Programs/MiKTeX/tex/latex/fontawesome5/fontawesome5.sty
Package: fontawesome5 2022/05/02 v5.15.4 Font Awesome 5

(D:/Programs/MiKTeX/tex/latex/l3packages/l3keys2e/l3keys2e.sty
Package: l3keys2e 2024-08-16 LaTeX2e option processing using LaTeX3 keys
)
(D:/Programs/MiKTeX/tex/latex/fontawesome5/fontawesome5-utex-helper.sty
Package: fontawesome5-utex-helper 2022/05/02 v5.15.4 uTeX helper for fontawesom
e5

(D:/Programs/MiKTeX/tex/luatex/luatexbase/luatexbase.sty
Package: luatexbase 2015/10/04 v1.3 luatexbase interface to LuaTeX 

(D:/Programs/MiKTeX/tex/luatex/ctablestack/ctablestack.sty
Package: ctablestack 2015/10/01 v1.0 Catcode table stable support
\@catcodetablestackcnt=\count346
)
\CatcodeTableOther=\catcodetable14
\CatcodeTableExpl=\catcodetable15
)
LaTeX Font Info:    Trying to load font information for TU+fontawesomefree on i
nput line 69.

(D:/Programs/MiKTeX/tex/latex/fontawesome5/tufontawesomefree.fd)
LaTeX Font Info:    Trying to load font information for TU+fontawesomebrands on
 input line 70.

(D:/Programs/MiKTeX/tex/latex/fontawesome5/tufontawesomebrands.fd)))
(D:/Programs/MiKTeX/tex/latex/totcount/totcount.sty
Package: totcount 2011/01/25 v1.2 package for gettingthe total value of LaTeX c
ounters
)
(D:/Programs/MiKTeX/tex/latex/paracol/paracol.sty
Package: paracol 2024/10/22 1.36 typeset columns in parallel
\pcol@currcol=\count347
\pcol@nextcol=\count348
\pcol@ncol=\count349
\pcol@ncolleft=\count350
\pcol@page=\count351
\pcol@basepage=\count352
\pcol@toppage=\count353
\pcol@footnotebase=\count354
\pcol@nfootnotes=\count355
\pcol@mcid=\count356
\pcol@prevdepth=\dimen307
\pcol@colht=\dimen308
\pcol@textfloatsep=\dimen309
\pcol@lrmargin=\dimen310
\pagerim=\dimen311
\pcol@topskip=\skip132
\belowfootnoteskip=\skip133
\pcol@topfnotes=\box136
\pcol@prespan=\box137
\pcol@rightpage=\box138
\pcol@colorstack@saved=\box139
\pcol@tempboxa=\box140
\pcol@tempboxb=\box141
\pcol@colorins=\insert252
\pcol@everyvbox=\toks46
)
(D:/Programs/MiKTeX/tex/latex/datetime/datetime.sty
Package: datetime 2015/03/20 v2.60 Date Time Package

(D:/Programs/MiKTeX/tex/latex/fmtcount/fmtcount.sty
Package: fmtcount 2025/02/09 v3.10 Displaying the values of LaTeX counters (NT,
VB,NE)

(D:/Programs/MiKTeX/tex/latex/fmtcount/fcprefix.sty
Package: fcprefix 2012/09/28

(D:/Programs/MiKTeX/tex/latex/fmtcount/fcnumparser.sty
Package: fcnumparser 2017/06/15
\fc@digit@counter=\count357
))
\c@padzeroesN=\count358
\fc@tmpcatcode=\count359
\@DT@modctr=\count360
\@ordinalctr=\count361
\@orgargctr=\count362
\@strctr=\count363
\@tmpstrctr=\count364
\@DT@loopN=\count365
\@DT@X=\count366
)
(D:/Programs/MiKTeX/tex/latex/datetime/datetime-defaults.sty
Package: datetime-defaults 2013/09/10
)
\@day=\count367
\@month=\count368
\@year=\count369
\c@HOUR=\count370
\c@HOURXII=\count371
\c@MINUTE=\count372
\c@TOHOUR=\count373
\c@TOMINUTE=\count374
\c@SECOND=\count375
\currenthour=\count376
\currentminute=\count377
\currentsecond=\count378
Package datetime Info: No datetime.cfg file found, using default settings on in
put line 308.
\@dtctr=\count379
\dayofyear=\count380
\dayofweek=\count381
LaTeX Info: Redefining \today on input line 736.
\dt@a=\toks47
\dt@b=\toks48
)
(D:/Programs/MiKTeX/tex/latex/changepage/changepage.sty
Package: changepage 2009/10/20 v1.0c check page and change page layout
\c@cp@cntr=\count382
\cp@tempcnt=\count383
)
(D:/Programs/MiKTeX/tex/latex/ulem/ulem.sty
\UL@box=\box142
\UL@hyphenbox=\box143
\UL@skip=\skip134
\UL@hook=\toks49
\UL@height=\dimen312
\UL@pe=\count384
\UL@pixel=\dimen313
\ULC@box=\box144
Package: ulem 2019/11/18
\ULdepth=\dimen314
)
(D:/Programs/MiKTeX/tex/latex/amsfonts/amssymb.sty
Package: amssymb 2013/01/14 v3.01 AMS font symbols

(D:/Programs/MiKTeX/tex/latex/amsfonts/amsfonts.sty
Package: amsfonts 2013/01/14 v3.01 Basic AMSFonts support
\symAMSa=\mathgroup4
\symAMSb=\mathgroup5
LaTeX Font Info:    Redeclaring math symbol \hbar on input line 98.
LaTeX Font Info:    Overwriting math alphabet `\mathfrak' in version `bold'
(Font)                  U/euf/m/n --> U/euf/b/n on input line 106.
))
(D:/Programs/MiKTeX/tex/latex/colortbl/colortbl.sty
Package: colortbl 2024/07/06 v1.0i Color table columns (DPC)
\everycr=\toks50
\minrowclearance=\skip135
\rownum=\count385
)
(D:/Programs/MiKTeX/tex/latex/supertabular/supertabular.sty
Package: supertabular 2024/07/20 v4.2c the supertabular environment
\c@tracingst=\count386
\ST@wd=\dimen315
\ST@rightskip=\skip136
\ST@leftskip=\skip137
\ST@parfillskip=\skip138
\ST@pageleft=\dimen316
\ST@headht=\dimen317
\ST@tailht=\dimen318
\ST@pagesofar=\dimen319
\ST@pboxht=\dimen320
\ST@rowht=\dimen321
\ST@prevht=\dimen322
\ST@toadd=\dimen323
\ST@dimen=\dimen324
\ST@pbox=\box145
)
(D:/Programs/MiKTeX/tex/latex/multirow/multirow.sty
Package: multirow 2024/11/12 v2.9 Span multiple rows of a table
\multirow@colwidth=\skip139
\multirow@cntb=\count387
\multirow@dima=\skip140
\bigstrutjot=\dimen325
)
(D:/Programs/MiKTeX/tex/latex/mathtools/empheq.sty
Package: empheq 2024/08/09 v2.17 Emphasizing equations

(D:/Programs/MiKTeX/tex/latex/mathtools/mhsetup.sty
Package: mhsetup 2021/03/18 v1.4 programming setup (MH)
)
(D:/Programs/MiKTeX/tex/latex/mathtools/mathtools.sty
Package: mathtools 2024/10/04 v1.31 mathematical typesetting tools
\g_MT_multlinerow_int=\count388
\l_MT_multwidth_dim=\dimen326
\origjot=\skip141
\l_MT_shortvdotswithinadjustabove_dim=\dimen327
\l_MT_shortvdotswithinadjustbelow_dim=\dimen328
\l_MT_above_intertext_sep=\dimen329
\l_MT_below_intertext_sep=\dimen330
\l_MT_above_shortintertext_sep=\dimen331
\l_MT_below_shortintertext_sep=\dimen332
\xmathstrut@box=\box146
\xmathstrut@dim=\dimen333
)
\l_EQ_equationtype_int=\count389
\l_EQ_alignmentmode_int=\count390
\l_EQ_totalwidth_dim=\dimen334
\l_EQ_displaywidth_dim=\dimen335
\l_EQ_temp_linewidth_dim=\dimen336
\l_EQ_linewidth_dim=\dimen337
\EmphEqdelimitershortfall=\dimen338
\EmphEqdelimiterfactor=\count391
\g_EQ_toptag_height_dim=\dimen339
\g_EQ_bottomtag_depth_dim=\dimen340
\g_EQ_toprow_height_dim=\dimen341
\g_EQ_bottomrow_depth_dim=\dimen342
\g_EQ_widesttag_dim=\dimen343
\EQ_mathdisplay_box=\box147
\EQ_tag_box=\box148
\g_EQ_temprow_int=\count392
)
(D:/Programs/MiKTeX/tex/latex/paralist/paralist.sty
Package: paralist 2017/01/22 v2.7 Extended list environments
\pltopsep=\skip142
\plpartopsep=\skip143
\plitemsep=\skip144
\plparsep=\skip145
\pl@lab=\toks51
)
(D:/Programs/MiKTeX/tex/latex/picinpar/picinpar.sty
Pictures in Paragraphs. Version 1.2a, July 13, 1993
\br=\count393
\bl=\count394
\na=\count395
\nb=\count396
\tcdsav=\count397
\tcl=\count398
\tcd=\count399
\tcn=\count400
\cumtcl=\count401
\cumpartcl=\count402
\lftside=\dimen344
\rtside=\dimen345
\hpic=\dimen346
\vpic=\dimen347
\strutilg=\dimen348
\picwd=\dimen349
\topheight=\dimen350
\ilg=\dimen351
\lpic=\dimen352
\lwindowsep=\dimen353
\rwindowsep=\dimen354
\cumpar=\dimen355
\twa=\toks52
\la=\toks53
\ra=\toks54
\ha=\toks55
\pictoc=\toks56
\rawtext=\box149
\holder=\box150
\windowbox=\box151
\wartext=\box152
\finaltext=\box153
\aslice=\box154
\bslice=\box155
\wbox=\box156
\wstrutbox=\box157
\picbox=\box158
\waslice=\box159
\wbslice=\box160
\fslice=\box161
) (D:/Programs/MiKTeX/tex/latex/vwcol/vwcol.sty
Package: vwcol 2008/06/24 v0.1 Variable-width multicolumn text

(D:/Programs/MiKTeX/tex/latex/ragged2e/ragged2e.sty
Package: ragged2e 2023/06/22 v3.6 ragged2e Package
\CenteringLeftskip=\skip146
\RaggedLeftLeftskip=\skip147
\RaggedRightLeftskip=\skip148
\CenteringRightskip=\skip149
\RaggedLeftRightskip=\skip150
\RaggedRightRightskip=\skip151
\CenteringParfillskip=\skip152
\RaggedLeftParfillskip=\skip153
\RaggedRightParfillskip=\skip154
\JustifyingParfillskip=\skip155
\CenteringParindent=\skip156
\RaggedLeftParindent=\skip157
\RaggedRightParindent=\skip158
\JustifyingParindent=\skip159
)
\vwcol@sep=\skip160
\vwcol@rule=\skip161
\vwcol@totalwidth=\skip162
\vwcol@averagewidth=\skip163
\vwcol@parindent=\skip164
\vwcol@last=\count403
\vwcol@Ncols=\count404
\vwcol@Nlines=\count405
\vwcol@maxrecursion=\count406
\vwcol@box=\box162
\vwcol@plainbox=\box163
\vwcol@outputbox=\box164
)
(D:/Programs/MiKTeX/tex/latex/cancel/cancel.sty
Package: cancel 2013/04/12 v2.2 Cancel math terms
)
(D:/Programs/MiKTeX/tex/latex/blindtext/blindtext.sty
Package: blindtext 2012/01/06 V2.0 blindtext-Package

(D:/Programs/MiKTeX/tex/latex/tools/xspace.sty
Package: xspace 2014/10/28 v1.13 Space after command names (DPC,MH)
)
\c@blindtext=\count407
\c@Blindtext=\count408
\c@blind@countparstart=\count409
\blind@countxx=\count410
\blindtext@numBlindtext=\count411
\blind@countyy=\count412
\c@blindlist=\count413
\c@blindlistlevel=\count414
\c@blindlist@level=\count415
\blind@listitem=\count416
\c@blind@listcount=\count417
\c@blind@levelcount=\count418
\blind@mathformula=\count419
\blind@Mathformula=\count420
\c@blind@randomcount=\count421
\c@blind@randommax=\count422
\c@blind@pangramcount=\count423
\c@blind@pangrammax=\count424
)
(D:/Programs/MiKTeX/tex/latex/enumitem/enumitem.sty
Package: enumitem 2025/02/06 v3.11 Customized lists
\labelindent=\skip165
\enit@outerparindent=\dimen356
\enit@toks=\toks57
\enit@inbox=\box165
\enit@count@id=\count425
\enitdp@description=\count426
)
(D:/Programs/MiKTeX/tex/latex/titlesec/titlesec.sty
Package: titlesec 2025/01/04 v2.17 Sectioning titles
\ttl@box=\box166
\beforetitleunit=\skip166
\aftertitleunit=\skip167
\ttl@plus=\dimen357
\ttl@minus=\dimen358
\ttl@toksa=\toks58
\titlewidth=\dimen359
\titlewidthlast=\dimen360
\titlewidthfirst=\dimen361
)
(D:/Programs/MiKTeX/tex/latex/lipsum/lipsum.sty
Package: lipsum 2021-09-20 v2.7 150 paragraphs of Lorem Ipsum dummy text
\g__lipsum_par_int=\count427
\l__lipsum_a_int=\count428
\l__lipsum_b_int=\count429

(D:/Programs/MiKTeX/tex/latex/lipsum/lipsum.ltd.tex))
(D:/Programs/MiKTeX/tex/generic/pgf/frontendlayer/tikz/libraries/tikzlibrarycal
c.code.tex
File: tikzlibrarycalc.code.tex 2023-01-15 v3.1.10 (3.1.10)
)
(D:/Programs/MiKTeX/tex/generic/pgf/frontendlayer/tikz/libraries/tikzlibrarysha
pes.code.tex
File: tikzlibraryshapes.code.tex 2023-01-15 v3.1.10 (3.1.10)

(D:/Programs/MiKTeX/tex/generic/pgf/frontendlayer/tikz/libraries/tikzlibrarysha
pes.geometric.code.tex
File: tikzlibraryshapes.geometric.code.tex 2023-01-15 v3.1.10 (3.1.10)

(D:/Programs/MiKTeX/tex/generic/pgf/libraries/shapes/pgflibraryshapes.geometric
.code.tex
File: pgflibraryshapes.geometric.code.tex 2023-01-15 v3.1.10 (3.1.10)
))
(D:/Programs/MiKTeX/tex/generic/pgf/frontendlayer/tikz/libraries/tikzlibrarysha
pes.misc.code.tex
File: tikzlibraryshapes.misc.code.tex 2023-01-15 v3.1.10 (3.1.10)

(D:/Programs/MiKTeX/tex/generic/pgf/libraries/shapes/pgflibraryshapes.misc.code
.tex
File: pgflibraryshapes.misc.code.tex 2023-01-15 v3.1.10 (3.1.10)
))
(D:/Programs/MiKTeX/tex/generic/pgf/frontendlayer/tikz/libraries/tikzlibrarysha
pes.symbols.code.tex
File: tikzlibraryshapes.symbols.code.tex 2023-01-15 v3.1.10 (3.1.10)

(D:/Programs/MiKTeX/tex/generic/pgf/libraries/shapes/pgflibraryshapes.symbols.c
ode.tex
File: pgflibraryshapes.symbols.code.tex 2023-01-15 v3.1.10 (3.1.10)
))
(D:/Programs/MiKTeX/tex/generic/pgf/frontendlayer/tikz/libraries/tikzlibrarysha
pes.arrows.code.tex
File: tikzlibraryshapes.arrows.code.tex 2023-01-15 v3.1.10 (3.1.10)

(D:/Programs/MiKTeX/tex/generic/pgf/libraries/shapes/pgflibraryshapes.arrows.co
de.tex
File: pgflibraryshapes.arrows.code.tex 2023-01-15 v3.1.10 (3.1.10)
))
(D:/Programs/MiKTeX/tex/generic/pgf/frontendlayer/tikz/libraries/tikzlibrarysha
pes.callouts.code.tex
(D:/Programs/MiKTeX/tex/generic/pgf/libraries/shapes/pgflibraryshapes.callouts.
code.tex))
(D:/Programs/MiKTeX/tex/generic/pgf/frontendlayer/tikz/libraries/tikzlibrarysha
pes.multipart.code.tex
File: tikzlibraryshapes.multipart.code.tex 2023-01-15 v3.1.10 (3.1.10)

(D:/Programs/MiKTeX/tex/generic/pgf/libraries/shapes/pgflibraryshapes.multipart
.code.tex
File: pgflibraryshapes.multipart.code.tex 2023-01-15 v3.1.10 (3.1.10)
\pgfnodepartlowerbox=\box167
\pgfnodeparttwobox=\box168
\pgfnodepartthreebox=\box169
\pgfnodepartfourbox=\box170
\pgfnodeparttwentybox=\box171
\pgfnodepartnineteenbox=\box172
\pgfnodeparteighteenbox=\box173
\pgfnodepartseventeenbox=\box174
\pgfnodepartsixteenbox=\box175
\pgfnodepartfifteenbox=\box176
\pgfnodepartfourteenbox=\box177
\pgfnodepartthirteenbox=\box178
\pgfnodeparttwelvebox=\box179
\pgfnodepartelevenbox=\box180
\pgfnodeparttenbox=\box181
\pgfnodepartninebox=\box182
\pgfnodeparteightbox=\box183
\pgfnodepartsevenbox=\box184
\pgfnodepartsixbox=\box185
\pgfnodepartfivebox=\box186
)))
(D:/Programs/MiKTeX/tex/generic/pgf/frontendlayer/tikz/libraries/tikzlibraryarr
ows.code.tex
File: tikzlibraryarrows.code.tex 2023-01-15 v3.1.10 (3.1.10)

(D:/Programs/MiKTeX/tex/generic/pgf/libraries/pgflibraryarrows.code.tex
File: pgflibraryarrows.code.tex 2023-01-15 v3.1.10 (3.1.10)
\arrowsize=\dimen362
))
(D:/Programs/MiKTeX/tex/generic/pgf/frontendlayer/tikz/libraries/tikzlibrarypos
itioning.code.tex
File: tikzlibrarypositioning.code.tex 2023-01-15 v3.1.10 (3.1.10)
)
(D:/Programs/MiKTeX/tex/generic/pgf/frontendlayer/tikz/libraries/tikzlibrarypat
terns.code.tex
File: tikzlibrarypatterns.code.tex 2023-01-15 v3.1.10 (3.1.10)

(D:/Programs/MiKTeX/tex/generic/pgf/libraries/pgflibrarypatterns.code.tex
File: pgflibrarypatterns.code.tex 2023-01-15 v3.1.10 (3.1.10)
))
(D:/Programs/MiKTeX/tex/generic/pgf/frontendlayer/tikz/libraries/tikzlibraryfit
.code.tex
File: tikzlibraryfit.code.tex 2023-01-15 v3.1.10 (3.1.10)
)
(D:/Programs/MiKTeX/tex/generic/pgf/libraries/pgflibraryarrows.meta.code.tex
File: pgflibraryarrows.meta.code.tex 2023-01-15 v3.1.10 (3.1.10)
\pgfarrowinset=\dimen363
\pgfarrowlength=\dimen364
\pgfarrowwidth=\dimen365
\pgfarrowlinewidth=\dimen366
)
(D:/Programs/MiKTeX/tex/generic/pgf/frontendlayer/tikz/libraries/tikzlibrarydec
orations.text.code.tex
(D:/Programs/MiKTeX/tex/generic/pgf/frontendlayer/tikz/libraries/tikzlibrarydec
orations.code.tex
(D:/Programs/MiKTeX/tex/generic/pgf/modules/pgfmoduledecorations.code.tex
\pgfdecoratedcompleteddistance=\dimen367
\pgfdecoratedremainingdistance=\dimen368
\pgfdecoratedinputsegmentcompleteddistance=\dimen369
\pgfdecoratedinputsegmentremainingdistance=\dimen370
\pgf@decorate@distancetomove=\dimen371
\pgf@decorate@repeatstate=\count430
\pgfdecorationsegmentamplitude=\dimen372
\pgfdecorationsegmentlength=\dimen373
)
\tikz@lib@dec@box=\box187
)
(D:/Programs/MiKTeX/tex/generic/pgf/libraries/decorations/pgflibrarydecorations
.text.code.tex
\pgf@lib@dec@text@box=\box188
)
\tikz@lib@dec@te@box=\box189
)
(D:/Programs/MiKTeX/tex/generic/pgf/frontendlayer/tikz/libraries/tikzlibrarydec
orations.pathmorphing.code.tex
(D:/Programs/MiKTeX/tex/generic/pgf/libraries/decorations/pgflibrarydecorations
.pathmorphing.code.tex))
(D:/Programs/MiKTeX/tex/latex/pgf-blur/tikzlibraryshadows.blur.code.tex
 v1.02, 2012/12/09
(D:/Programs/MiKTeX/tex/generic/pgf/frontendlayer/tikz/libraries/tikzlibrarysha
dows.code.tex
File: tikzlibraryshadows.code.tex 2023-01-15 v3.1.10 (3.1.10)
)
\pgfbs@fading@count=\count431
)
(D:/Programs/MiKTeX/tex/generic/pgf/frontendlayer/tikz/libraries/tikzlibrarysha
dings.code.tex
File: tikzlibraryshadings.code.tex 2023-01-15 v3.1.10 (3.1.10)

(D:/Programs/MiKTeX/tex/generic/pgf/libraries/pgflibraryshadings.code.tex
File: pgflibraryshadings.code.tex 2023-01-15 v3.1.10 (3.1.10)
))
(D:/Programs/MiKTeX/tex/generic/pgf/frontendlayer/tikz/libraries/tikzlibrarybac
kgrounds.code.tex
File: tikzlibrarybackgrounds.code.tex 2023-01-15 v3.1.10 (3.1.10)
\pgf@layerbox@background=\box190
\pgf@layerboxsaved@background=\box191
)
(D:/Programs/MiKTeX/tex/generic/pgf/frontendlayer/tikz/libraries/tikzlibrarytre
es.code.tex
File: tikzlibrarytrees.code.tex 2023-01-15 v3.1.10 (3.1.10)
)
(D:/Programs/MiKTeX/tex/generic/pgf/frontendlayer/tikz/libraries/tikzlibrarymat
rix.code.tex
File: tikzlibrarymatrix.code.tex 2023-01-15 v3.1.10 (3.1.10)
) (D:/Programs/MiKTeX/tex/latex/tikzpeople/tikzpeople.sty
Package: tikzpeople 2017/04/22 v0.4 People shaped nodes for Tikz

(D:/Programs/MiKTeX/tex/generic/pgf/libraries/pgflibraryintersections.code.tex
(D:/Programs/MiKTeX/tex/generic/pgf/libraries/pgflibraryfpu.code.tex)
\pgf@intersect@solutions=\count432
)
(D:/Programs/MiKTeX/tex/generic/pgf/frontendlayer/tikz/libraries/tikzlibrarydec
orations.markings.code.tex
(D:/Programs/MiKTeX/tex/generic/pgf/libraries/decorations/pgflibrarydecorations
.markings.code.tex))
(D:/Programs/MiKTeX/tex/latex/tikzpeople/tikzpeople.shape.alice.sty)
(D:/Programs/MiKTeX/tex/latex/tikzpeople/tikzpeople.shape.bob.sty)
(D:/Programs/MiKTeX/tex/latex/tikzpeople/tikzpeople.shape.bride.sty)
(D:/Programs/MiKTeX/tex/latex/tikzpeople/tikzpeople.shape.builder.sty)
(D:/Programs/MiKTeX/tex/latex/tikzpeople/tikzpeople.shape.businessman.sty)
(D:/Programs/MiKTeX/tex/latex/tikzpeople/tikzpeople.shape.charlie.sty)
(D:/Programs/MiKTeX/tex/latex/tikzpeople/tikzpeople.shape.chef.sty)
(D:/Programs/MiKTeX/tex/latex/tikzpeople/tikzpeople.shape.conductor.sty)
(D:/Programs/MiKTeX/tex/latex/tikzpeople/tikzpeople.shape.cowboy.sty)
(D:/Programs/MiKTeX/tex/latex/tikzpeople/tikzpeople.shape.criminal.sty)
(D:/Programs/MiKTeX/tex/latex/tikzpeople/tikzpeople.shape.dave.sty)
(D:/Programs/MiKTeX/tex/latex/tikzpeople/tikzpeople.shape.devil.sty)
(D:/Programs/MiKTeX/tex/latex/tikzpeople/tikzpeople.shape.duck.sty)
(D:/Programs/MiKTeX/tex/latex/tikzpeople/tikzpeople.shape.graduate.sty)
(D:/Programs/MiKTeX/tex/latex/tikzpeople/tikzpeople.shape.groom.sty)
(D:/Programs/MiKTeX/tex/latex/tikzpeople/tikzpeople.shape.guard.sty)
(D:/Programs/MiKTeX/tex/latex/tikzpeople/tikzpeople.shape.jester.sty)
(D:/Programs/MiKTeX/tex/latex/tikzpeople/tikzpeople.shape.judge.sty)
(D:/Programs/MiKTeX/tex/latex/tikzpeople/tikzpeople.shape.maninblack.sty)
(D:/Programs/MiKTeX/tex/latex/tikzpeople/tikzpeople.shape.mexican.sty)
(D:/Programs/MiKTeX/tex/latex/tikzpeople/tikzpeople.shape.nun.sty)
(D:/Programs/MiKTeX/tex/latex/tikzpeople/tikzpeople.shape.nurse.sty)
(D:/Programs/MiKTeX/tex/latex/tikzpeople/tikzpeople.shape.physician.sty)
(D:/Programs/MiKTeX/tex/latex/tikzpeople/tikzpeople.shape.pilot.sty)
(D:/Programs/MiKTeX/tex/latex/tikzpeople/tikzpeople.shape.police.sty)
(D:/Programs/MiKTeX/tex/latex/tikzpeople/tikzpeople.shape.priest.sty)
(D:/Programs/MiKTeX/tex/latex/tikzpeople/tikzpeople.shape.sailor.sty)
(D:/Programs/MiKTeX/tex/latex/tikzpeople/tikzpeople.shape.santa.sty)
(D:/Programs/MiKTeX/tex/latex/tikzpeople/tikzpeople.shape.surgeon.sty))
\pgf@layerbox@background layer=\box192
\pgf@layerboxsaved@background layer=\box193
\pgf@layerbox@foreground layer=\box194
\pgf@layerboxsaved@foreground layer=\box195

(D:/Programs/MiKTeX/tex/latex/polyglossia/polyglossia.sty
Package: polyglossia 2025/01/31 v2.4 Modern multilingual typesetting with XeLaT
eX and LuaLaTeX

(D:/Programs/MiKTeX/tex/latex/fontspec/fontspec.sty
Package: fontspec 2024/05/11 v2.9e Font selection for XeLaTeX and LuaLaTeX
Lua module: fontspec 2024/05/11 v2.9e Font selection for XeLaTeX and LuaLaTeX
(D:/Programs/MiKTeX/tex/latex/fontspec/fontspec-luatex.sty
Package: fontspec-luatex 2024/05/11 v2.9e Font selection for XeLaTeX and LuaLaT
eX
\l__fontspec_script_int=\count433
\l__fontspec_language_int=\count434
\l__fontspec_strnum_int=\count435
\l__fontspec_tmp_int=\count436
\l__fontspec_tmpa_int=\count437
\l__fontspec_tmpb_int=\count438
\l__fontspec_tmpc_int=\count439
\l__fontspec_em_int=\count440
\l__fontspec_emdef_int=\count441
\l__fontspec_strong_int=\count442
\l__fontspec_strongdef_int=\count443
\l__fontspec_tmpa_dim=\dimen374
\l__fontspec_tmpb_dim=\dimen375
\l__fontspec_tmpc_dim=\dimen376

(D:/Programs/MiKTeX/tex/latex/base/fontenc.sty
Package: fontenc 2021/04/29 v2.0v Standard LaTeX package
)
(D:/Programs/MiKTeX/tex/latex/fontspec/fontspec.cfg)))
Lua module: polyglossia 2013/05/11 v1.3 Polyglossia
\l_xpg_alias_keyvals_int=\count444

(D:/Programs/MiKTeX/tex/latex/polyglossia/gloss-latex.ldf
File: gloss-latex.ldf polyglossia: module for default language
)

Package polyglossia Info: Setting LuaTeX font renderer to Harfbuzz

)
(D:/Programs/MiKTeX/tex/latex/wrapfig/wrapfig.sty
\wrapoverhang=\dimen377
\WF@size=\dimen378
\c@WF@wrappedlines=\count445
\WF@box=\box196
\WF@everypar=\toks59
Package: wrapfig 2003/01/31  v 3.6
)
(D:/Programs/MiKTeX/tex/latex/censor/censor.sty
Package: censor 2025/03/30\ 4.5\ Provides capability for redaction of sensitive
 information

(D:/Programs/MiKTeX/tex/latex/pbox/pbox.sty
Package: pbox 2011/12/07 v1.2 Dynamic parboxes
\pb@xlen=\skip168
)
\censorruledepth=\skip169
\censorruleheight=\skip170

(D:/Programs/MiKTeX/tex/latex/tokcycle/tokcycle.sty
(D:/Programs/MiKTeX/tex/generic/tokcycle/tokcycle.tex
\tc@tok=\toks60
\tcdepth=\count446
\cytoks=\toks61
)
Package: tokcycle 2025/04/02 V1.5 Cycle through and transform a stream of token
s
))
luaotfload | cache : Lookup cache loaded from C:/Users/mhash/AppData/Local/MiKTe
X/luatex-cache/generic/names/luaotfload-lookup-cache.luc.

Package fontspec Info: 
(fontspec)             Could not resolve font "Segoe MDL2 Assets/BI" (it
(fontspec)             probably doesn't exist).


Package fontspec Info: 
(fontspec)             Could not resolve font "Segoe MDL2 Assets/B" (it
(fontspec)             probably doesn't exist).


Package fontspec Info: 
(fontspec)             Could not resolve font "Segoe MDL2 Assets/I" (it
(fontspec)             probably doesn't exist).


Package fontspec Info: 
(fontspec)             Font family 'SegoeMDL2Assets(0)' created for font
(fontspec)             'Segoe MDL2 Assets' with options [Renderer=Harfbuzz].
(fontspec)              
(fontspec)              This font family consists of the following NFSS
(fontspec)             series/shapes:
(fontspec)              
(fontspec)             - 'normal' (m/n) with NFSS spec.: <->"name:Segoe MDL2
(fontspec)             Assets:mode=harf;language=dflt;"


(D:/Programs/MiKTeX/tex/latex/polyglossia/gloss-english.ldf
File: gloss-english.ldf polyglossia: module for English
)

Package polyglossia Info: Default language is english


Package fontspec Info: 
(fontspec)             Font family 'Arial(0)' created for font 'Arial' with
(fontspec)             options [Renderer=Harfbuzz,Ligatures=TeX].
(fontspec)              
(fontspec)              This font family consists of the following NFSS
(fontspec)             series/shapes:
(fontspec)              
(fontspec)             - 'normal' (m/n) with NFSS spec.:
(fontspec)             <->"name:Arial:mode=harf;script=latn;language=dflt;+tlig
;"
(fontspec)             - 'small caps'  (m/sc) with NFSS spec.:
(fontspec)             <->"name:Arial:mode=harf;script=latn;language=dflt;+tlig
;+smcp;"
(fontspec)             - 'bold' (b/n) with NFSS spec.:
(fontspec)             <->"name:Arial/B:mode=harf;script=latn;language=dflt;+tl
ig;"
(fontspec)             - 'bold small caps'  (b/sc) with NFSS spec.:
(fontspec)             <->"name:Arial/B:mode=harf;script=latn;language=dflt;+tl
ig;+smcp;"
(fontspec)             - 'italic' (m/it) with NFSS spec.:
(fontspec)             <->"name:Arial/I:mode=harf;script=latn;language=dflt;+tl
ig;"
(fontspec)             - 'bold italic' (b/it) with NFSS spec.:
(fontspec)             <->"name:Arial/BI:mode=harf;script=latn;language=dflt;+t
lig;"


(D:/Programs/MiKTeX/tex/latex/refcount/refcount.sty
Package: refcount 2019/12/15 v3.6 Data extraction from label references (HO)
)
(D:/Programs/MiKTeX/tex/latex/datenumber/datenumber.sty
Package: datenumber 2022/01/27v0.03

(D:/Programs/MiKTeX/tex/latex/datenumber/datenumberUSenglish.ldf
File: datenumberUSenglish.ldf 
)
\c@@dayscnt=\count447
\c@@startyear=\count448
\c@datenumber=\count449
\c@dateyear=\count450
\c@datemonth=\count451
\c@dateday=\count452
\c@datedayname=\count453
\@nom=\count454
\@den=\count455
)
(D:/Programs/MiKTeX/tex/latex/datetime2/datetime2.sty
Package: datetime2 2021/03/21 v1.5.7 (NLCT) date and time formats

(D:/Programs/MiKTeX/tex/latex/tracklang/tracklang.sty
Package: tracklang 2025/03/11 v1.6.6 (NLCT) Track Languages

(D:/Programs/MiKTeX/tex/generic/tracklang/tracklang.tex)
Package tracklang Info: Tracking dialect `american' (language `english') on inp
ut line 264.
)
(D:/Programs/MiKTeX/tex/latex/datetime2-english/datetime2-en-US.ldf
File: datetime2-en-US.ldf 2019/10/21 v1.05 (NLCT)

(D:/Programs/MiKTeX/tex/latex/datetime2-english/datetime2-english-base.ldf
File: datetime2-english-base.ldf 2019/10/21 v1.05 (NLCT)
))
(D:/Programs/MiKTeX/tex/latex/datetime2/datetime2-calc.sty
Package: datetime2-calc 2021/03/21 v1.5.7 (NLCT)

(D:/Programs/MiKTeX/tex/latex/pgf/utilities/pgfcalendar.sty
(D:/Programs/MiKTeX/tex/generic/pgf/utilities/pgfcalendar.code.tex
File: pgfcalendar.code.tex 2023-01-15 v3.1.10 (3.1.10)
\pgfcalendarcurrentjulian=\count456
\pgf@cal@easter@Y=\count457
\pgf@cal@easter@G=\count458
\pgf@cal@easter@C=\count459
\pgf@cal@easter@X=\count460
\pgf@cal@easter@Z=\count461
\pgf@cal@easter@D=\count462
\pgf@cal@easter@E=\count463
\pgf@cal@easter@N=\count464
\pgf@cal@easter@M=\count465
\pgf@cal@easter@julianday=\count466
))
\@dtm@julianday=\count467
))

Package datetime2 Warning: Region `english-base' has ignored 
(datetime2)                the following settings:
(datetime2)                ord=raise
 on input line 135.

) (./configs.tex
\sectionlabelwidth=\skip171
 (./Muhammad_Hashim.elsisi)
\mycontents=\write4

\openout4 = Muhammad_Hashim.elsisi
\SecWid=\skip172
\c@myyorderu=\count468
) (./Muhammad_Hashim.aux)
\openout1 = Muhammad_Hashim.aux

LaTeX Font Info:    Checking defaults for OML/cmm/m/it on input line 5.
LaTeX Font Info:    ... okay on input line 5.
LaTeX Font Info:    Checking defaults for OMS/cmsy/m/n on input line 5.
LaTeX Font Info:    ... okay on input line 5.
LaTeX Font Info:    Checking defaults for OT1/cmr/m/n on input line 5.
LaTeX Font Info:    ... okay on input line 5.
LaTeX Font Info:    Checking defaults for T1/cmr/m/n on input line 5.
LaTeX Font Info:    ... okay on input line 5.
LaTeX Font Info:    Checking defaults for TS1/cmr/m/n on input line 5.
LaTeX Font Info:    ... okay on input line 5.
LaTeX Font Info:    Checking defaults for TU/lmr/m/n on input line 5.
LaTeX Font Info:    ... okay on input line 5.
LaTeX Font Info:    Checking defaults for OMX/cmex/m/n on input line 5.
LaTeX Font Info:    ... okay on input line 5.
LaTeX Font Info:    Checking defaults for U/cmr/m/n on input line 5.
LaTeX Font Info:    ... okay on input line 5.

*geometry* driver: auto-detecting
*geometry* detected driver: luatex
*geometry* verbose mode - [ preamble ] result:
* driver: luatex
* paper: a4paper
* layout: <same size as paper>
* layoutoffset:(h,v)=(0.0pt,0.0pt)
* modes: 
* h-part:(L,W,R)=(30.0pt, 537.50787pt, 30.0pt)
* v-part:(T,H,B)=(30.0pt, 785.04684pt, 30.0pt)
* \paperwidth=597.50787pt
* \paperheight=845.04684pt
* \textwidth=537.50787pt
* \textheight=785.04684pt
* \oddsidemargin=-42.26999pt
* \evensidemargin=-42.26999pt
* \topmargin=-79.26999pt
* \headheight=12.0pt
* \headsep=25.0pt
* \topskip=9.0pt
* \footskip=30.0pt
* \marginparwidth=74.0pt
* \marginparsep=10.0pt
* \columnsep=10.0pt
* \skip\footins=8.0pt plus 4.0pt minus 2.0pt
* \hoffset=0.0pt
* \voffset=0.0pt
* \mag=1000
* \@twocolumnfalse
* \@twosidefalse
* \@mparswitchfalse
* \@reversemarginfalse
* (1in=72.27pt=25.4mm, 1cm=28.453pt)

(D:/Programs/MiKTeX/tex/context/base/mkii/supp-pdf.mkii
[Loading MPS to PDF converter (version 2006.09.02).]
\scratchcounter=\count469
\scratchdimen=\dimen379
\scratchbox=\box197
\nofMPsegments=\count470
\nofMParguments=\count471
\everyMPshowfont=\toks62
\MPscratchCnt=\count472
\MPscratchDim=\dimen380
\MPnumerator=\count473
\makeMPintoPDFobject=\count474
\everyMPtoPDFconversion=\toks63
) (D:/Programs/MiKTeX/tex/latex/epstopdf-pkg/epstopdf-base.sty
Package: epstopdf-base 2020-01-24 v2.11 Base part for package epstopdf
Package epstopdf-base Info: Redefining graphics rule for `.eps' on input line 4
85.

(D:/Programs/MiKTeX/tex/latex/00miktex/epstopdf-sys.cfg
File: epstopdf-sys.cfg 2021/03/18 v2.0 Configuration of epstopdf for MiKTeX
))
\c@lstlisting=\count475
\Hy@linkcounter=\count476

Package fontspec Info: 
(fontspec)             Adjusting the maths setup (use [no-math] to avoid
(fontspec)             this).

\symlegacymaths=\mathgroup6
LaTeX Font Info:    Overwriting symbol font `legacymaths' in version `bold'
(Font)                  OT1/cmr/m/n --> OT1/cmr/bx/n on input line 5.
LaTeX Font Info:    Redeclaring math accent \acute on input line 5.
LaTeX Font Info:    Redeclaring math accent \grave on input line 5.
LaTeX Font Info:    Redeclaring math accent \ddot on input line 5.
LaTeX Font Info:    Redeclaring math accent \tilde on input line 5.
LaTeX Font Info:    Redeclaring math accent \bar on input line 5.
LaTeX Font Info:    Redeclaring math accent \breve on input line 5.
LaTeX Font Info:    Redeclaring math accent \check on input line 5.
LaTeX Font Info:    Redeclaring math accent \hat on input line 5.
LaTeX Font Info:    Redeclaring math accent \dot on input line 5.
LaTeX Font Info:    Redeclaring math accent \mathring on input line 5.
LaTeX Font Info:    Redeclaring math symbol \Gamma on input line 5.
LaTeX Font Info:    Redeclaring math symbol \Delta on input line 5.
LaTeX Font Info:    Redeclaring math symbol \Theta on input line 5.
LaTeX Font Info:    Redeclaring math symbol \Lambda on input line 5.
LaTeX Font Info:    Redeclaring math symbol \Xi on input line 5.
LaTeX Font Info:    Redeclaring math symbol \Pi on input line 5.
LaTeX Font Info:    Redeclaring math symbol \Sigma on input line 5.
LaTeX Font Info:    Redeclaring math symbol \Upsilon on input line 5.
LaTeX Font Info:    Redeclaring math symbol \Phi on input line 5.
LaTeX Font Info:    Redeclaring math symbol \Psi on input line 5.
LaTeX Font Info:    Redeclaring math symbol \Omega on input line 5.
LaTeX Font Info:    Redeclaring math symbol \mathdollar on input line 5.
LaTeX Font Info:    Redeclaring symbol font `operators' on input line 5.
LaTeX Font Info:    Encoding `OT1' has changed to `TU' for symbol font
(Font)              `operators' in the math version `normal' on input line 5.
LaTeX Font Info:    Overwriting symbol font `operators' in version `normal'
(Font)                  OT1/cmr/m/n --> TU/Arial(0)/m/n on input line 5.
LaTeX Font Info:    Encoding `OT1' has changed to `TU' for symbol font
(Font)              `operators' in the math version `bold' on input line 5.
LaTeX Font Info:    Overwriting symbol font `operators' in version `bold'
(Font)                  OT1/cmr/bx/n --> TU/Arial(0)/m/n on input line 5.
LaTeX Font Info:    Overwriting symbol font `operators' in version `normal'
(Font)                  TU/Arial(0)/m/n --> TU/Arial(0)/m/n on input line 5.
LaTeX Font Info:    Overwriting math alphabet `\mathit' in version `normal'
(Font)                  OT1/cmr/m/it --> TU/Arial(0)/m/it on input line 5.
LaTeX Font Info:    Overwriting math alphabet `\mathbf' in version `normal'
(Font)                  OT1/cmr/bx/n --> TU/Arial(0)/b/n on input line 5.
LaTeX Font Info:    Overwriting math alphabet `\mathsf' in version `normal'
(Font)                  OT1/cmss/m/n --> TU/lmss/m/n on input line 5.
LaTeX Font Info:    Overwriting math alphabet `\mathtt' in version `normal'
(Font)                  OT1/cmtt/m/n --> TU/lmtt/m/n on input line 5.
LaTeX Font Info:    Overwriting symbol font `operators' in version `bold'
(Font)                  TU/Arial(0)/m/n --> TU/Arial(0)/b/n on input line 5.
LaTeX Font Info:    Overwriting math alphabet `\mathit' in version `bold'
(Font)                  OT1/cmr/bx/it --> TU/Arial(0)/b/it on input line 5.
LaTeX Font Info:    Overwriting math alphabet `\mathsf' in version `bold'
(Font)                  OT1/cmss/bx/n --> TU/lmss/b/n on input line 5.
LaTeX Font Info:    Overwriting math alphabet `\mathtt' in version `bold'
(Font)                  OT1/cmtt/m/n --> TU/lmtt/b/n on input line 5.
LaTeX Font Info:    Trying to load font information for U+msa on input line 28.


(D:/Programs/MiKTeX/tex/latex/amsfonts/umsa.fd
File: umsa.fd 2013/01/14 v3.01 AMS symbols A
)
LaTeX Font Info:    Trying to load font information for U+msb on input line 28.


(D:/Programs/MiKTeX/tex/latex/amsfonts/umsb.fd
File: umsb.fd 2013/01/14 v3.01 AMS symbols B
)

[1

{C:/Users/mhash/AppData/Local/MiKTeX/fonts/map/pdftex/pdftex.map}]
(./Muhammad_Hashim.aux)
 ***********
LaTeX2e <2024-11-01> patch level 2
L3 programming layer <2025-01-18>
 ***********
)

Here is how much of LuaTeX's memory you used:
 43324 strings out of 475506
 156265,1977958 words of node,token memory allocated
 1693 words of node memory still in use:
   30 hlist, 2 vlist, 14 rule, 4 glue, 4 kern, 1 glyph, 81 attribute, 132 glue_s
pec, 81 attribute_list, 2 write, 24 pdf_literal, 24 pdf_colorstack nodes
   avail lists: 2:9787,3:6287,4:520,5:216,6:214,7:10780,8:2,9:2098,10:12,11:712
 64930 multiletter control sequences out of 65536+600000
 57 fonts using 20556583 bytes
 121i,9n,117p,1155b,1568s stack positions out of 10000i,1000n,20000p,200000b,200000s
<C:/Windows/Fonts/segmdl2.ttf><D:/Programs/MiKTeX/fonts/opentype/public/fontawes
ome5/FontAwesome5Brands-Regular-400.otf><C:/Windows/Fonts/arial.ttf><D:/Programs
/MiKTeX/fonts/opentype/public/fontawesome5/FontAwesome5Free-Solid-900.otf><C:/Wi
ndows/Fonts/arialbd.ttf>
Output written on Muhammad_Hashim.pdf (1 page, 100558 bytes).

PDF statistics: 82 PDF objects out of 1000 (max. 8388607)
 0 named destinations out of 1000 (max. 131072)
 256 words of extra memory for PDF output out of 10000 (max. 100000000)

